2015-6-9 9:39:59 INFO:[guisanboot.ui.SanBootView] UWS 管理器 6.2.0 版 buildtime:   Log Level: 1
2015-6-9 9:39:59 INFO:[guisanboot.ui.SanBootView] Restore mirror type: 2
2015-6-9 9:39:59 INFO:[guisanboot.ui.SanBootView] global high delta: 20
2015-6-9 9:39:59 INFO:[guisanboot.ui.SanBootView] global width delta: 20
2015-6-9 9:40:02 INFO:[guisanboot.action.LoginAction] ########### Entering login action. 
2015-6-9 9:40:08 INFO:[guisanboot.data.ManageDB] begin to login server.
2015-6-9 9:40:08 INFO:[guisanboot.data.ManageDB] login server successfully.
2015-6-9 9:40:08 INFO:[guisanboot.data.GetConfigFile]  get config file cmd: cat /etc/odybk.conf
2015-6-9 9:40:09 DEBUG:[guisanboot.data.GetConfigFile] ========> INSTALL_PATH=/usr/odybk
2015-6-9 9:40:09 DEBUG:[guisanboot.data.GetConfigFile] ========> SNAPDB=/usr/odybk/vsnap/db/snapdb
2015-6-9 9:40:09 DEBUG:[guisanboot.data.GetConfigFile] ========> VIBOOTDB=/usr/odybk/vsnap/vidb/ibootdb
2015-6-9 9:40:09 DEBUG:[guisanboot.data.GetConfigFile] ========> UIBOOTDB=/usr/odybk/vsnap/uidb/ibootdb
2015-6-9 9:40:09 DEBUG:[guisanboot.data.GetConfigFile] ========> SNAPPATH=/usr/odybk/vsnap
2015-6-9 9:40:09 DEBUG:[guisanboot.data.GetConfigFile] ========> SYNC_INSTALL_PATH=/usr/odysync
2015-6-9 9:40:09 DEBUG:[guisanboot.data.GetConfigFile] ========> SYNCDB=/usr/odysync/db/Odysyncdb
2015-6-9 9:40:09 DEBUG:[guisanboot.data.GetConfigFile] ========> ODBROOT=/usr/odybk/server/db/OdyBkinfo
2015-6-9 9:40:09 DEBUG:[guisanboot.data.GetConfigFile] ========> D2DODBROOT=/usr/odybk/d2dserver/db/d2dOdyBkinfo
2015-6-9 9:40:09 DEBUG:[guisanboot.data.GetConfigFile] ========> compress_cmd=/usr/bin/bzip2
2015-6-9 9:40:09 DEBUG:[guisanboot.data.GetConfigFile] ========> compress_suffix=bz2
2015-6-9 9:40:09 DEBUG:[guisanboot.data.GetConfigFile] ========> compress_days=7
2015-6-9 9:40:09 DEBUG:[guisanboot.data.GetConfigFile] ========> admin_email=root
2015-6-9 9:40:09 DEBUG:[guisanboot.data.GetConfigFile] ========> task_expired=60
2015-6-9 9:40:09 DEBUG:[guisanboot.data.GetConfigFile] ========> MAX_BACKUP_LEVEL=6
2015-6-9 9:40:09 DEBUG:[guisanboot.data.GetConfigFile] ========> MSPORT=6020
2015-6-9 9:40:09 DEBUG:[guisanboot.data.GetConfigFile] ========> MSDB=/usr/odybk/d2dserver/db/msdb
2015-6-9 9:40:09 DEBUG:[guisanboot.data.GetConfigFile] ========> IBOOTDB=/usr/odybk/server/db/ibootdb
2015-6-9 9:40:09 DEBUG:[guisanboot.data.GetConfigFile] ========> DEBUG=1
2015-6-9 9:40:09 INFO:[guisanboot.data.GetConfigFile]  get config file retcode: 0
2015-6-9 9:40:09 INFO:[guisanboot.data.GetDhcpConfig]  get dhcp config cmd: cat /usr/odybk/server/conf/dhcp.conf
2015-6-9 9:40:10 INFO:[guisanboot.data.GetDhcpConfig]  get dhcp config retcode: 0
2015-6-9 9:40:10 INFO:[guisanboot.ui.InitApp] getting dhcp info.....
2015-6-9 9:40:10 INFO:[guisanboot.data.ViewTextFile] viewFile cmd: cat /etc/sysconfig/customdrv/dhcpenable
2015-6-9 9:40:11 INFO:[guisanboot.data.ViewTextFile] viewFile cmd retcode: 0
2015-6-9 9:40:11 INFO:[guisanboot.ui.InitApp]  dhcpEnable: true
2015-6-9 9:40:11 INFO:[guisanboot.data.GetGlobalOptFromDHCP] getGlobalOptFromDHCP cmd: /usr/odybk/server/bin/dhcp_set.sh listglobal
2015-6-9 9:40:12 DEBUG:[guisanboot.data.GetGlobalOptFromDHCP] ========> domain
2015-6-9 9:40:12 DEBUG:[guisanboot.data.GetGlobalOptFromDHCP] ========> gateway
2015-6-9 9:40:12 DEBUG:[guisanboot.data.GetGlobalOptFromDHCP] ========> os
2015-6-9 9:40:12 INFO:[guisanboot.data.GetGlobalOptFromDHCP] getGlobalOptFromDHCP retcode: 0
2015-6-9 9:40:12 INFO:[guisanboot.data.GetSubnetFromDHCP] getSubnet from dhcp cmd: /usr/odybk/server/bin/dhcp_set.sh getsubnetinfo
2015-6-9 9:40:13 DEBUG:[guisanboot.data.GetSubnetFromDHCP] ========> 192.168.1.0 255.255.255.0 192.168.1.1 192.168.1.254 86400 -1
2015-6-9 9:40:13 INFO:[guisanboot.data.GetSubnetFromDHCP] getSubnet from dhcp retcode: 0
2015-6-9 9:40:13 INFO:[guisanboot.data.GetIBootSrvFromDHCP] getIBootSrvFromDHCP cmd: /usr/odybk/server/bin/dhcp_set.sh listnextserver
2015-6-9 9:40:14 DEBUG:[guisanboot.data.GetIBootSrvFromDHCP] ========> 192.168.1.253 0
2015-6-9 9:40:14 INFO:[guisanboot.data.GetIBootSrvFromDHCP] getIBootSrvFromDHCP retcode: 0
2015-6-9 9:40:14 INFO:[guisanboot.data.GetClientFromDHCP]  getClntFromDhcp cmd: /usr/odybk/server/bin/dhcp_set.sh listallclients
2015-6-9 9:40:15 DEBUG:[guisanboot.data.GetClientFromDHCP] ======>192.168.1.118 00:0C:29:7A:80:35 unspecified 192.168.1.253 unspecified unspecified windows iboot
2015-6-9 9:40:15 DEBUG:[guisanboot.data.GetClientFromDHCP] ======>192.168.1.28 00:0C:29:41:7F:B7 unspecified 192.168.1.253 unspecified unspecified windows peboot
2015-6-9 9:40:15 INFO:[guisanboot.data.GetClientFromDHCP]  getClntFromDhcp retcode: 0
2015-6-9 9:40:15 INFO:[guisanboot.data.GetBootHost]  get BootHost cmd: /usr/odybk/server/bin/idbmgr -clnt -prt all
2015-6-9 9:40:17 INFO:[guisanboot.data.GetBootHost]  get BootHost retcode: 0
2015-6-9 9:40:17 INFO:[guisanboot.datadup.cmd.GetBakClient]  get bak clnt cmd: /usr/odybk/server/bin/dbmgr -clnt -prt all
2015-6-9 9:40:18 INFO:[guisanboot.datadup.cmd.GetBakClient]  get bak clnt cmd retcode: 0
2015-6-9 9:40:18 INFO:[guisanboot.data.GetVolumeMap]  get volmap list cmd: /usr/odybk/server/bin/idbmgr -vol -prt all
2015-6-9 9:40:19 INFO:[guisanboot.data.GetVolumeMap]  get volmap list retcode: 0
2015-6-9 9:40:19 INFO:[guisanboot.cluster.cmd.GetCluster]  get cluster cmd: /usr/odybk/server/bin/idbmgr -cluster -prt all
2015-6-9 9:40:20 INFO:[guisanboot.cluster.cmd.GetCluster]  get cluster retcode: 0
2015-6-9 9:40:20 INFO:[guisanboot.data.GetIbootObjList]  get iboot list cmd: shell iboot list
2015-6-9 9:40:21 DEBUG:[guisanboot.data.GetIbootObjList] ========> ibenc table:
2015-6-9 9:40:21 DEBUG:[guisanboot.data.GetIbootObjList] ========> --------------------
2015-6-9 9:40:21 DEBUG:[guisanboot.data.GetIbootObjList] ========> #MAC_Address Ena Host_IP         Host_Name        Portal_IP       PPort Options  RAMs UNDIs UserName             Password             Initiator_Name Target_Name Living_Days
2015-6-9 9:40:21 DEBUG:[guisanboot.data.GetIbootObjList] ========> --------------------
2015-6-9 9:40:21 INFO:[guisanboot.data.GetIbootObjList]  get iboot list cmd retcode: 0
2015-6-9 9:40:21 INFO:[guisanboot.data.GetServMap]  get servicemap cmd: /usr/odybk/server/bin/idbmgr -serv -prt all
2015-6-9 9:40:22 INFO:[guisanboot.data.GetServMap]  get servicemap retcode: 0
2015-6-9 9:40:22 INFO:[guisanboot.data.GetBackupUser]  get bak user cmd: /usr/odybk/server/bin/dbmgr -acct -prt all
2015-6-9 9:40:23 DEBUG:[guisanboot.data.GetBackupUser]  ======> Record:  1
2015-6-9 9:40:23 DEBUG:[guisanboot.data.GetBackupUser]  ======> account_id=1
2015-6-9 9:40:23 DEBUG:[guisanboot.data.GetBackupUser]  ======> account_name=admin
2015-6-9 9:40:23 DEBUG:[guisanboot.data.GetBackupUser]  ======> account_pass=admin
2015-6-9 9:40:23 DEBUG:[guisanboot.data.GetBackupUser]  ======> account_priv=1
2015-6-9 9:40:23 DEBUG:[guisanboot.data.GetBackupUser]  ======> account_dev_list=
2015-6-9 9:40:23 INFO:[guisanboot.data.GetBackupUser]  get bak user cmd retcode: 0
2015-6-9 9:40:23 INFO:[guisanboot.data.GetPool]  getpool cmd: /usr/odybk/vsnap/vdbmgr -pool -prt all
2015-6-9 9:40:24 DEBUG:[guisanboot.data.GetPool] ========> Record:  1
2015-6-9 9:40:24 DEBUG:[guisanboot.data.GetPool] ========> pool_id=1
2015-6-9 9:40:24 DEBUG:[guisanboot.data.GetPool] ========> pool_name=bzh
2015-6-9 9:40:24 DEBUG:[guisanboot.data.GetPool] ========> pool_path=/mnt/ResVol0
2015-6-9 9:40:24 DEBUG:[guisanboot.data.GetPool] ========> pool_vol_name=/dev/evms/ResVol0
2015-6-9 9:40:24 DEBUG:[guisanboot.data.GetPool] ========> pool_passwd=admin
2015-6-9 9:40:24 DEBUG:[guisanboot.data.GetPool] ========> pool_flag=1
2015-6-9 9:40:24 DEBUG:[guisanboot.data.GetPool] ========> pool_melt_move_data=0
2015-6-9 9:40:24 DEBUG:[guisanboot.data.GetPool] ========> pool_type=0
2015-6-9 9:40:24 INFO:[guisanboot.data.GetPool]  getpool retcode: 0
2015-6-9 9:40:24 INFO:[guisanboot.data.GetUWSrvNode]  get SWU server cmd: /usr/odybk/vsnap/vdbmgr -uws -prt all
2015-6-9 9:40:25 INFO:[guisanboot.data.GetUWSrvNode]  get SWU server retcode: 0
2015-6-9 9:40:25 INFO:[guisanboot.data.GetSrcAgnt]  get src_agent cmd: /usr/odybk/server/bin/idbmgr -srcagnt -prt all
2015-6-9 9:40:26 INFO:[guisanboot.data.GetSrcAgnt]  get src_agent retcode: 0
2015-6-9 9:40:26 INFO:[guisanboot.data.GetMGList]  get mg cmd: /usr/odybk/vsnap/vdbmgr -mg -prt all
2015-6-9 9:40:27 INFO:[guisanboot.data.GetMGList]  get mg retcode: 0
2015-6-9 9:40:27 INFO:[guisanboot.data.GetMJList]  get mj cmd: /usr/odybk/vsnap/vdbmgr -mj -prt all
2015-6-9 9:40:28 INFO:[guisanboot.data.GetMJList]  get mj retcode: 0
2015-6-9 9:40:28 INFO:[guisanboot.remotemirror.cmd.GetMJScheduler]  get mj-sch list cmd:/usr/odybk/vsnap/vdbmgr -scheduler -prt all
2015-6-9 9:40:29 INFO:[guisanboot.remotemirror.cmd.GetMJScheduler]  get mj-sch list cmd retcode:0
2015-6-9 9:40:29 INFO:[guisanboot.data.GetNetBootedHost]  get netbooted-host cmd: /usr/odybk/server/bin/idbmgr -dstagnt -prt all
2015-6-9 9:40:30 INFO:[guisanboot.data.GetNetBootedHost]  get netbooted-host retcode: 0
2015-6-9 9:40:30 INFO:[guisanboot.data.GetMirrorSnapusage]  get mirror_snap_usage cmd: /usr/odybk/server/bin/idbmgr -snapusage -prt all
2015-6-9 9:40:31 INFO:[guisanboot.data.GetMirrorSnapusage]  get mirror_snap_usage retcode: 0
2015-6-9 9:40:31 INFO:[guisanboot.data.GetMirrorDiskInfo]  get mirror_disk_info cmd: /usr/odybk/server/bin/idbmgr -diskinfo -prt all
2015-6-9 9:40:32 INFO:[guisanboot.data.GetMirrorDiskInfo]  get mirror_disk_info retcode: 0
2015-6-9 9:40:32 INFO:[guisanboot.cmdp.service.GetDriveGroup]  get drivegroup cmd: /usr/odybk/server/bin/phydup_hash.sh uws_drivesgroup_getall
2015-6-9 9:40:34 INFO:[guisanboot.cmdp.service.GetDriveGroup]  get drivegroup retcode: 0
2015-6-9 9:40:34 INFO:[guisanboot.datadup.cmd.ListProfile]  list profile cmd: /usr/odybk/server/bin/listprofile
2015-6-9 9:40:35 INFO:[guisanboot.datadup.cmd.ListProfile]  list profile recode: 0
2015-6-9 9:40:35 INFO:[guisanboot.datadup.cmd.GetBakObjList]  list bakobj cmd: /usr/odybk/server/bin/dbmgr -bobj -prt all
2015-6-9 9:40:36 INFO:[guisanboot.datadup.cmd.GetBakObjList]  list bakobj cmd retcode: 0
2015-6-9 9:40:36 INFO:[guisanboot.datadup.cmd.GetSchList]  get sch list cmd: /usr/odybk/server/bin/dbmgr -sch -prt all
2015-6-9 9:40:37 INFO:[guisanboot.datadup.cmd.GetSchList]  get sch list cmd retcode: 0
2015-6-9 9:40:37 INFO:[guisanboot.data.GetPoolInfo]  get poolinfo cmd: /usr/odybk/vsnap/poolinfo 1
2015-6-9 9:40:38 DEBUG:[guisanboot.data.GetPoolInfo] ========> /mnt/ResVol0 capacity=105689214976 freecapaciy=100123656192 visual_used=0
2015-6-9 9:40:38 INFO:[guisanboot.data.GetPoolInfo]  get poolinfo cmd retcode: 0
2015-6-9 9:40:38 INFO:[guisanboot.data.GetLicence]  get license cmd: /usr/odybk/server/bin/listlicence
2015-6-9 9:40:39 DEBUG:[guisanboot.data.GetLicence] ========> MTPP:32 250 0
2015-6-9 9:40:39 DEBUG:[guisanboot.data.GetLicence]  product of license: MTPP
2015-6-9 9:40:39 DEBUG:[guisanboot.data.GetLicence]  point of license: 32 for MTPP
2015-6-9 9:40:39 DEBUG:[guisanboot.data.GetLicence]  maxsnap of license: 250 for MTPP
2015-6-9 9:40:39 DEBUG:[guisanboot.data.GetLicence] ========> CMDP:32 250 0
2015-6-9 9:40:39 DEBUG:[guisanboot.data.GetLicence]  product of license: CMDP
2015-6-9 9:40:39 DEBUG:[guisanboot.data.GetLicence]  point of license: 32 for CMDP
2015-6-9 9:40:39 DEBUG:[guisanboot.data.GetLicence]  maxsnap of license: 250 for CMDP
2015-6-9 9:40:39 DEBUG:[guisanboot.data.GetLicence] ========> DEFAULT:2 4 512
2015-6-9 9:40:39 DEBUG:[guisanboot.data.GetLicence]  product of license: DEFAULT
2015-6-9 9:40:39 DEBUG:[guisanboot.data.GetLicence]  point of license: 2 for DEFAULT
2015-6-9 9:40:39 DEBUG:[guisanboot.data.GetLicence]  maxsnap of license: 4 for DEFAULT
2015-6-9 9:40:39 INFO:[guisanboot.data.GetLicence]  get license retcode: 0
2015-6-9 9:40:39 INFO:[guisanboot.ui.InitApp] mtpp point: 32
2015-6-9 9:40:39 INFO:[guisanboot.ui.InitApp] cmdp point: 32
2015-6-9 9:40:39 INFO:[guisanboot.ui.InitApp] mtpp maxsnap num: 250
2015-6-9 9:40:39 INFO:[guisanboot.ui.InitApp] cmdp maxsnap num: 250
2015-6-9 9:40:39 DEBUG:[guisanboot.ui.SanBootView]  ##### Selected Object on GUI: [ 0 ] root node on tree
2015-6-9 9:40:39 DEBUG:[guisanboot.MenuAndBtnCenterForMainUi] type ======> : 0
2015-6-9 9:40:39 DEBUG:[guisanboot.MenuAndBtnCenterForMainUi] level ======> : 0
2015-6-9 9:40:39 DEBUG:[guisanboot.MenuAndBtnCenterForMainUi] select level: 0
2015-6-9 9:40:39 INFO:[guisanboot.data.ManageDB]  add audit log cmd: /usr/odybk/server/bin/idbmgr -audit -add  audit_user_id=1 audit_time=20150609094039 audit_clnt_id=0 audit_event_id=2  "audit_event_desc=Logon to system successfully."
2015-6-9 9:40:39 DEBUG:[guisanboot.tool.UWSSockConnectManager] begin to check socket connections.............
2015-6-9 9:40:40 DEBUG:[guisanboot.data.AddCmdNetworkRunning] =====> 124
2015-6-9 9:40:40 INFO:[guisanboot.data.ManageDB]  add audit log retcode: 0
2015-6-9 9:40:40 INFO:[guisanboot.action.LoginAction] ########### End of login action. 
2015-6-9 9:40:40 DEBUG:[guisanboot.ui.SanBootView]  ##### Selected Object on GUI: [ 1 ] local swu manager
2015-6-9 9:40:40 DEBUG:[guisanboot.MenuAndBtnCenterForMainUi] type ======> : 1
2015-6-9 9:40:40 DEBUG:[guisanboot.MenuAndBtnCenterForMainUi] level ======> : 99
2015-6-9 9:40:40 DEBUG:[guisanboot.MenuAndBtnCenterForMainUi] select level: 99
2015-6-9 9:40:42 DEBUG:[guisanboot.ui.SanBootView]  ##### Selected Object on GUI: [ 3 ] chief host
2015-6-9 9:40:42 DEBUG:[guisanboot.MenuAndBtnCenterForMainUi] type ======> : 3
2015-6-9 9:40:42 DEBUG:[guisanboot.MenuAndBtnCenterForMainUi] level ======> : 1
2015-6-9 9:40:42 DEBUG:[guisanboot.MenuAndBtnCenterForMainUi] select level: 1
2015-6-9 9:40:46 INFO:[guisanboot.cmdp.action.InitHostByPhyProtectAction] ########### Entering window host's phy-init process
2015-6-9 9:40:46 INFO:[guisanboot.data.GetPool]  getpool cmd: /usr/odybk/vsnap/vdbmgr -pool -prt all
2015-6-9 9:40:47 DEBUG:[guisanboot.data.GetPool] ========> Record:  1
2015-6-9 9:40:47 DEBUG:[guisanboot.data.GetPool] ========> pool_id=1
2015-6-9 9:40:47 DEBUG:[guisanboot.data.GetPool] ========> pool_name=bzh
2015-6-9 9:40:47 DEBUG:[guisanboot.data.GetPool] ========> pool_path=/mnt/ResVol0
2015-6-9 9:40:47 DEBUG:[guisanboot.data.GetPool] ========> pool_vol_name=/dev/evms/ResVol0
2015-6-9 9:40:47 DEBUG:[guisanboot.data.GetPool] ========> pool_passwd=admin
2015-6-9 9:40:47 DEBUG:[guisanboot.data.GetPool] ========> pool_flag=1
2015-6-9 9:40:47 DEBUG:[guisanboot.data.GetPool] ========> pool_melt_move_data=0
2015-6-9 9:40:47 DEBUG:[guisanboot.data.GetPool] ========> pool_type=0
2015-6-9 9:40:47 INFO:[guisanboot.data.GetPool]  getpool retcode: 0
2015-6-9 9:40:47 INFO:[guisanboot.data.GetPoolInfo]  get poolinfo cmd: /usr/odybk/vsnap/poolinfo 1
2015-6-9 9:40:48 DEBUG:[guisanboot.data.GetPoolInfo] ========> /mnt/ResVol0 capacity=105689214976 freecapaciy=100123656192 visual_used=0
2015-6-9 9:40:48 INFO:[guisanboot.data.GetPoolInfo]  get poolinfo cmd retcode: 0
2015-6-9 9:40:56 INFO:[guisanboot.data.GetAgentInfo]  get agt cmd: /sbin/clnt_cmd 192.168.1.28 2015 cmd -cmdtype getsysinfo 2>/dev/null
2015-6-9 9:40:58 DEBUG:[guisanboot.data.GetAgentInfo] ========> Result:
2015-6-9 9:40:58 DEBUG:[guisanboot.data.GetAgentInfo] ========> *isEnd=1 *return=0
2015-6-9 9:40:58 DEBUG:[guisanboot.data.GetAgentInfo] ========> OS_NAME=windows
2015-6-9 9:40:58 DEBUG:[guisanboot.data.GetAgentInfo] ####: OS_NAME=windows
2015-6-9 9:40:58 DEBUG:[guisanboot.data.GetAgentInfo] ========> OS_RELEASE=XP
2015-6-9 9:40:58 DEBUG:[guisanboot.data.GetAgentInfo] ####: OS_RELEASE=XP
2015-6-9 9:40:58 DEBUG:[guisanboot.data.GetAgentInfo] ========> OS_BIT=32
2015-6-9 9:40:58 DEBUG:[guisanboot.data.GetAgentInfo] ####: OS_BIT=32
2015-6-9 9:40:58 DEBUG:[guisanboot.data.GetAgentInfo] ========> ARCHITECTURE=x86
2015-6-9 9:40:58 DEBUG:[guisanboot.data.GetAgentInfo] ####: ARCHITECTURE=x86
2015-6-9 9:40:58 DEBUG:[guisanboot.data.GetAgentInfo] ========> HOSTNAME=BZH-ED9C7A86A88
2015-6-9 9:40:58 DEBUG:[guisanboot.data.GetAgentInfo] ####: HOSTNAME=BZH-ED9C7A86A88
2015-6-9 9:40:58 DEBUG:[guisanboot.data.GetAgentInfo] ========> HOSTID=00000000
2015-6-9 9:40:58 DEBUG:[guisanboot.data.GetAgentInfo] ####: HOSTID=00000000
2015-6-9 9:40:58 INFO:[guisanboot.data.GetAgentInfo]  get agt cmd retcode: 0
2015-6-9 9:40:58 INFO:[guisanboot.data.GetAgentUUID]  get agt uuid cmd: /sbin/clnt_cmd 192.168.1.28 2015 cmd -cmdtype executeother -command  pc_gen_uuid.exe zxcvb12345 -get
2015-6-9 9:41:00 DEBUG:[guisanboot.data.GetAgentUUID] ========> Result:
2015-6-9 9:41:00 DEBUG:[guisanboot.data.GetAgentUUID] ========> *isEnd=1 *return=0
2015-6-9 9:41:00 DEBUG:[guisanboot.data.GetAgentUUID] ========> 19cf2a78-6817-4b16-803b-dfcfd98cd392
2015-6-9 9:41:00 DEBUG:[guisanboot.data.GetAgentUUID] 19cf2a78-6817-4b16-803b-dfcfd98cd392
2015-6-9 9:41:00 INFO:[guisanboot.data.GetAgentUUID]  get agt uuid cmd retcode: 0
2015-6-9 9:41:00 INFO:[guisanboot.data.GetVolumeMap]  get volmap list cmd: /usr/odybk/server/bin/idbmgr -vol -prt all
2015-6-9 9:41:01 INFO:[guisanboot.data.GetVolumeMap]  get volmap list retcode: 0
2015-6-9 9:41:01 INFO:[guisanboot.data.GetMirrorDiskInfo]  get mirror_disk_info cmd: /usr/odybk/server/bin/idbmgr -diskinfo -prt all
2015-6-9 9:41:02 INFO:[guisanboot.data.GetMirrorDiskInfo]  get mirror_disk_info retcode: 0
2015-6-9 9:41:02 INFO:[guisanboot.unlimitedIncMj.model.GetCloneDiskListCmd]  get clone disk list cmd:/usr/odybk/vsnap/idbmgr -cloneinfo -prt  all 
2015-6-9 9:41:03 INFO:[guisanboot.unlimitedIncMj.model.GetCloneDiskListCmd]  get clone disk list cmd retcode:0
2015-6-9 9:41:03 INFO:[guisanboot.cmdp.service.GetFreePhyVol1] listdisk cmd: /usr/odybk/vsnap/vdbmgr -printdb "select * from vsnap where snap_opened_type=2 or snap_opened_type=3 or snap_opened_type=4;"
2015-6-9 9:41:05 INFO:[guisanboot.cmdp.service.GetFreePhyVol1] listdisk cmd retcode: 0
2015-6-9 9:41:05 INFO:[guisanboot.cmdp.service.GetVolInfoOnClnt]  get partition (confile) cmd: /usr/odybk/server/bin/phydup_hash.sh uws_agt_list_volume 192.168.1.28,2015
2015-6-9 9:41:10 DEBUG:[guisanboot.cmdp.service.GetVolInfoOnClnt] #####: ---index 0----
2015-6-9 9:41:10 DEBUG:[guisanboot.cmdp.service.GetVolInfoOnClnt] #####: name=af0e29a4-0e5c-7d79-e3d2-2d942591a06e_28672
2015-6-9 9:41:10 DEBUG:[guisanboot.cmdp.service.GetVolInfoOnClnt] @@@@@: af0e29a4-0e5c-7d79-e3d2-2d942591a06e_28672
2015-6-9 9:41:10 DEBUG:[guisanboot.cmdp.service.GetVolInfoOnClnt] #####: volname={104f0188-7610-11e4-8dd6-806d6172696f}
2015-6-9 9:41:10 DEBUG:[guisanboot.cmdp.service.GetVolInfoOnClnt] @@@@@: {104f0188-7610-11e4-8dd6-806d6172696f}
2015-6-9 9:41:10 DEBUG:[guisanboot.cmdp.service.GetVolInfoOnClnt] #####: iscsi=0
2015-6-9 9:41:10 DEBUG:[guisanboot.cmdp.service.GetVolInfoOnClnt] @@@@@: 0
2015-6-9 9:41:10 DEBUG:[guisanboot.cmdp.service.GetVolInfoOnClnt] #####: size=5359198208
2015-6-9 9:41:10 DEBUG:[guisanboot.cmdp.service.GetVolInfoOnClnt] @@@@@: 5359198208
2015-6-9 9:41:10 DEBUG:[guisanboot.cmdp.service.GetVolInfoOnClnt] #####: letter=C
2015-6-9 9:41:10 DEBUG:[guisanboot.cmdp.service.GetVolInfoOnClnt] @@@@@: C
2015-6-9 9:41:10 DEBUG:[guisanboot.cmdp.service.GetVolInfoOnClnt] #####: hasfs=1
2015-6-9 9:41:10 DEBUG:[guisanboot.cmdp.service.GetVolInfoOnClnt] @@@@@: 1
2015-6-9 9:41:10 DEBUG:[guisanboot.cmdp.service.GetVolInfoOnClnt] #####: layouts=0,28672,5359198208;
2015-6-9 9:41:10 DEBUG:[guisanboot.cmdp.service.GetVolInfoOnClnt] @@@@@: 0,28672,5359198208;
2015-6-9 9:41:10 DEBUG:[guisanboot.cmdp.service.GetVolInfoOnClnt] #####: fs=NTFS
2015-6-9 9:41:10 DEBUG:[guisanboot.cmdp.service.GetVolInfoOnClnt] @@@@@: NTFS
2015-6-9 9:41:10 DEBUG:[guisanboot.cmdp.service.GetVolInfoOnClnt] #####: isboot=1
2015-6-9 9:41:10 DEBUG:[guisanboot.cmdp.service.GetVolInfoOnClnt] @@@@@: 1
2015-6-9 9:41:10 DEBUG:[guisanboot.cmdp.service.GetVolInfoOnClnt] #####: layoutcount=1
2015-6-9 9:41:10 DEBUG:[guisanboot.cmdp.service.GetVolInfoOnClnt] @@@@@: 1
2015-6-9 9:41:10 DEBUG:[guisanboot.cmdp.service.GetVolInfoOnClnt] #####: uuid=af0e29a4-0e5c-7d79-e3d2-2d942591a06e_28672
2015-6-9 9:41:10 DEBUG:[guisanboot.cmdp.service.GetVolInfoOnClnt] @@@@@: af0e29a4-0e5c-7d79-e3d2-2d942591a06e_28672
2015-6-9 9:41:10 DEBUG:[guisanboot.cmdp.service.GetVolInfoOnClnt] #####: ---index 1----
2015-6-9 9:41:10 DEBUG:[guisanboot.cmdp.service.GetVolInfoOnClnt] #####: name=535b6000-1020-1377-ed04-8525905c0165_32256
2015-6-9 9:41:10 DEBUG:[guisanboot.cmdp.service.GetVolInfoOnClnt] @@@@@: 535b6000-1020-1377-ed04-8525905c0165_32256
2015-6-9 9:41:10 DEBUG:[guisanboot.cmdp.service.GetVolInfoOnClnt] #####: volname={d052b144-d850-11e4-a661-000c29417fb7}
2015-6-9 9:41:10 DEBUG:[guisanboot.cmdp.service.GetVolInfoOnClnt] @@@@@: {d052b144-d850-11e4-a661-000c29417fb7}
2015-6-9 9:41:10 DEBUG:[guisanboot.cmdp.service.GetVolInfoOnClnt] #####: iscsi=0
2015-6-9 9:41:10 DEBUG:[guisanboot.cmdp.service.GetVolInfoOnClnt] @@@@@: 0
2015-6-9 9:41:10 DEBUG:[guisanboot.cmdp.service.GetVolInfoOnClnt] #####: size=1069254144
2015-6-9 9:41:10 DEBUG:[guisanboot.cmdp.service.GetVolInfoOnClnt] @@@@@: 1069254144
2015-6-9 9:41:10 DEBUG:[guisanboot.cmdp.service.GetVolInfoOnClnt] #####: letter=D
2015-6-9 9:41:10 DEBUG:[guisanboot.cmdp.service.GetVolInfoOnClnt] @@@@@: D
2015-6-9 9:41:10 DEBUG:[guisanboot.cmdp.service.GetVolInfoOnClnt] #####: hasfs=1
2015-6-9 9:41:10 DEBUG:[guisanboot.cmdp.service.GetVolInfoOnClnt] @@@@@: 1
2015-6-9 9:41:10 DEBUG:[guisanboot.cmdp.service.GetVolInfoOnClnt] #####: layouts=1,32256,1069254144;
2015-6-9 9:41:10 DEBUG:[guisanboot.cmdp.service.GetVolInfoOnClnt] @@@@@: 1,32256,1069254144;
2015-6-9 9:41:10 DEBUG:[guisanboot.cmdp.service.GetVolInfoOnClnt] #####: fs=NTFS
2015-6-9 9:41:10 DEBUG:[guisanboot.cmdp.service.GetVolInfoOnClnt] @@@@@: NTFS
2015-6-9 9:41:10 DEBUG:[guisanboot.cmdp.service.GetVolInfoOnClnt] #####: isboot=0
2015-6-9 9:41:10 DEBUG:[guisanboot.cmdp.service.GetVolInfoOnClnt] @@@@@: 0
2015-6-9 9:41:10 DEBUG:[guisanboot.cmdp.service.GetVolInfoOnClnt] #####: layoutcount=1
2015-6-9 9:41:10 DEBUG:[guisanboot.cmdp.service.GetVolInfoOnClnt] @@@@@: 1
2015-6-9 9:41:10 DEBUG:[guisanboot.cmdp.service.GetVolInfoOnClnt] #####: uuid=535b6000-1020-1377-ed04-8525905c0165_32256
2015-6-9 9:41:10 DEBUG:[guisanboot.cmdp.service.GetVolInfoOnClnt] @@@@@: 535b6000-1020-1377-ed04-8525905c0165_32256
2015-6-9 9:41:10 DEBUG:[guisanboot.cmdp.service.GetVolInfoOnClnt] #####: ---index 2----
2015-6-9 9:41:10 DEBUG:[guisanboot.cmdp.service.GetVolInfoOnClnt] #####: name={c80673f5-7612-11e4-a65d-806d6172696f}
2015-6-9 9:41:10 DEBUG:[guisanboot.cmdp.service.GetVolInfoOnClnt] @@@@@: {c80673f5-7612-11e4-a65d-806d6172696f}
2015-6-9 9:41:10 DEBUG:[guisanboot.cmdp.service.GetVolInfoOnClnt] #####: volname=
2015-6-9 9:41:10 DEBUG:[guisanboot.cmdp.service.GetVolInfoOnClnt] @@@@@: 
2015-6-9 9:41:10 DEBUG:[guisanboot.cmdp.service.GetVolInfoOnClnt] #####: iscsi=0
2015-6-9 9:41:10 DEBUG:[guisanboot.cmdp.service.GetVolInfoOnClnt] @@@@@: 0
2015-6-9 9:41:10 DEBUG:[guisanboot.cmdp.service.GetVolInfoOnClnt] #####: size=0
2015-6-9 9:41:10 DEBUG:[guisanboot.cmdp.service.GetVolInfoOnClnt] @@@@@: 0
2015-6-9 9:41:10 DEBUG:[guisanboot.cmdp.service.GetVolInfoOnClnt] #####: letter=E
2015-6-9 9:41:10 DEBUG:[guisanboot.cmdp.service.GetVolInfoOnClnt] @@@@@: E
2015-6-9 9:41:10 DEBUG:[guisanboot.cmdp.service.GetVolInfoOnClnt] #####: hasfs=0
2015-6-9 9:41:10 DEBUG:[guisanboot.cmdp.service.GetVolInfoOnClnt] @@@@@: 0
2015-6-9 9:41:10 DEBUG:[guisanboot.cmdp.service.GetVolInfoOnClnt] #####: layouts=
2015-6-9 9:41:10 DEBUG:[guisanboot.cmdp.service.GetVolInfoOnClnt] @@@@@: 
2015-6-9 9:41:10 DEBUG:[guisanboot.cmdp.service.GetVolInfoOnClnt] #####: fs=
2015-6-9 9:41:10 DEBUG:[guisanboot.cmdp.service.GetVolInfoOnClnt] @@@@@: 
2015-6-9 9:41:10 DEBUG:[guisanboot.cmdp.service.GetVolInfoOnClnt] #####: isboot=0
2015-6-9 9:41:10 DEBUG:[guisanboot.cmdp.service.GetVolInfoOnClnt] @@@@@: 0
2015-6-9 9:41:10 DEBUG:[guisanboot.cmdp.service.GetVolInfoOnClnt] #####: layoutcount=0
2015-6-9 9:41:10 DEBUG:[guisanboot.cmdp.service.GetVolInfoOnClnt] @@@@@: 0
2015-6-9 9:41:10 DEBUG:[guisanboot.cmdp.service.GetVolInfoOnClnt] #####: uuid=
2015-6-9 9:41:10 DEBUG:[guisanboot.cmdp.service.GetVolInfoOnClnt] @@@@@: 
2015-6-9 9:41:10 DEBUG:[guisanboot.cmdp.service.GetVolInfoOnClnt] #####: ---index 3----
2015-6-9 9:41:10 DEBUG:[guisanboot.cmdp.service.GetVolInfoOnClnt] #####: name={c80673f6-7612-11e4-a65d-806d6172696f}
2015-6-9 9:41:10 DEBUG:[guisanboot.cmdp.service.GetVolInfoOnClnt] @@@@@: {c80673f6-7612-11e4-a65d-806d6172696f}
2015-6-9 9:41:10 DEBUG:[guisanboot.cmdp.service.GetVolInfoOnClnt] #####: volname=
2015-6-9 9:41:10 DEBUG:[guisanboot.cmdp.service.GetVolInfoOnClnt] @@@@@: 
2015-6-9 9:41:10 DEBUG:[guisanboot.cmdp.service.GetVolInfoOnClnt] #####: iscsi=0
2015-6-9 9:41:10 DEBUG:[guisanboot.cmdp.service.GetVolInfoOnClnt] @@@@@: 0
2015-6-9 9:41:10 DEBUG:[guisanboot.cmdp.service.GetVolInfoOnClnt] #####: size=0
2015-6-9 9:41:10 DEBUG:[guisanboot.cmdp.service.GetVolInfoOnClnt] @@@@@: 0
2015-6-9 9:41:10 DEBUG:[guisanboot.cmdp.service.GetVolInfoOnClnt] #####: letter=
2015-6-9 9:41:10 DEBUG:[guisanboot.cmdp.service.GetVolInfoOnClnt] @@@@@: 
2015-6-9 9:41:10 DEBUG:[guisanboot.cmdp.service.GetVolInfoOnClnt] #####: hasfs=1
2015-6-9 9:41:10 DEBUG:[guisanboot.cmdp.service.GetVolInfoOnClnt] @@@@@: 1
2015-6-9 9:41:10 DEBUG:[guisanboot.cmdp.service.GetVolInfoOnClnt] #####: layouts=
2015-6-9 9:41:10 DEBUG:[guisanboot.cmdp.service.GetVolInfoOnClnt] @@@@@: 
2015-6-9 9:41:10 DEBUG:[guisanboot.cmdp.service.GetVolInfoOnClnt] #####: fs=
2015-6-9 9:41:10 DEBUG:[guisanboot.cmdp.service.GetVolInfoOnClnt] @@@@@: 
2015-6-9 9:41:10 DEBUG:[guisanboot.cmdp.service.GetVolInfoOnClnt] #####: isboot=0
2015-6-9 9:41:10 DEBUG:[guisanboot.cmdp.service.GetVolInfoOnClnt] @@@@@: 0
2015-6-9 9:41:10 DEBUG:[guisanboot.cmdp.service.GetVolInfoOnClnt] #####: layoutcount=0
2015-6-9 9:41:10 DEBUG:[guisanboot.cmdp.service.GetVolInfoOnClnt] @@@@@: 0
2015-6-9 9:41:10 DEBUG:[guisanboot.cmdp.service.GetVolInfoOnClnt] #####: uuid=
2015-6-9 9:41:10 DEBUG:[guisanboot.cmdp.service.GetVolInfoOnClnt] @@@@@: 
2015-6-9 9:41:10 INFO:[guisanboot.cmdp.service.GetVolInfoOnClnt]  get partition (confile) retcode: 0
2015-6-9 9:41:10 INFO:[guisanboot.data.GetServiceOnClnt]  get service (confile) cmd: /sbin/clnt_cmd 192.168.1.28 2015 cmd -cmdtype executeother -command  services_process.exe list 2>/dev/null
2015-6-9 9:41:12 DEBUG:[guisanboot.data.GetServiceOnClnt] ========> Result:
2015-6-9 9:41:12 DEBUG:[guisanboot.data.GetServiceOnClnt] ========> *isEnd=1 *return=0
2015-6-9 9:41:12 DEBUG:[guisanboot.data.GetServiceOnClnt] ========> name=Themes;disp=Themes;path=C:\WINDOWS\System32\svchost.exe -k netsvcs;
2015-6-9 9:41:12 DEBUG:[guisanboot.data.GetServiceOnClnt] #####: name=Themes;disp=Themes;path=C:\WINDOWS\System32\svchost.exe -k netsvcs;
2015-6-9 9:41:12 DEBUG:[guisanboot.data.GetServiceOnClnt] ========> name=TPAutoConnSvc;disp=TP AutoConnect Service;path="C:\Program Files\VMware\VMware Tools\TPAutoConnSvc.exe";
2015-6-9 9:41:12 DEBUG:[guisanboot.data.GetServiceOnClnt] #####: name=TPAutoConnSvc;disp=TP AutoConnect Service;path="C:\Program Files\VMware\VMware Tools\TPAutoConnSvc.exe";
2015-6-9 9:41:12 DEBUG:[guisanboot.data.GetServiceOnClnt] ========> name=VMTools;disp=VMware Tools;path="C:\Program Files\VMware\VMware Tools\vmtoolsd.exe";
2015-6-9 9:41:12 DEBUG:[guisanboot.data.GetServiceOnClnt] #####: name=VMTools;disp=VMware Tools;path="C:\Program Files\VMware\VMware Tools\vmtoolsd.exe";
2015-6-9 9:41:12 DEBUG:[guisanboot.data.GetServiceOnClnt] ========> name=VMware Physical Disk Helper Service;disp=VMware 物理磁盘助手服务;path="C:\Program Files\VMware\VMware Tools\vmacthlp.exe";
2015-6-9 9:41:12 DEBUG:[guisanboot.data.GetServiceOnClnt] #####: name=VMware Physical Disk Helper Service;disp=VMware 物理磁盘助手服务;path="C:\Program Files\VMware\VMware Tools\vmacthlp.exe";
2015-6-9 9:41:12 DEBUG:[guisanboot.data.GetServiceOnClnt] ========> name=VRVWatchServer;disp=VRVWatchServer;path="C:\WINDOWS\system32\WatchClient.exe" -service;
2015-6-9 9:41:12 DEBUG:[guisanboot.data.GetServiceOnClnt] #####: name=VRVWatchServer;disp=VRVWatchServer;path="C:\WINDOWS\system32\WatchClient.exe" -service;
2015-6-9 9:41:12 DEBUG:[guisanboot.data.GetServiceOnClnt] ========> name=WebClient;disp=WebClient;path=C:\WINDOWS\system32\svchost.exe -k LocalService;
2015-6-9 9:41:12 DEBUG:[guisanboot.data.GetServiceOnClnt] #####: name=WebClient;disp=WebClient;path=C:\WINDOWS\system32\svchost.exe -k LocalService;
2015-6-9 9:41:12 DEBUG:[guisanboot.data.GetServiceOnClnt] ========> name=wscsvc;disp=Security Center;path=C:\WINDOWS\System32\svchost.exe -k netsvcs;
2015-6-9 9:41:12 DEBUG:[guisanboot.data.GetServiceOnClnt] #####: name=wscsvc;disp=Security Center;path=C:\WINDOWS\System32\svchost.exe -k netsvcs;
2015-6-9 9:41:12 INFO:[guisanboot.data.GetServiceOnClnt]  get service (confile) retcode: 0
2015-6-9 9:41:12 INFO:[guisanboot.data.GetDiskPartitionTableForWinOnClnt]  get old(new) disk partition table for win cmd: /sbin/clnt_cmd 192.168.1.28 2015 cmd -cmdtype executeother -command  ib_save_partition.exe -list_local
2015-6-9 9:41:13 DEBUG:[guisanboot.data.GetDiskPartitionTableForWinOnClnt] ========> Result:
2015-6-9 9:41:13 DEBUG:[guisanboot.data.GetDiskPartitionTableForWinOnClnt] ========> *isEnd=1 *return=0
2015-6-9 9:41:13 DEBUG:[guisanboot.data.GetDiskPartitionTableForWinOnClnt] ========> diskno=0;disk_size=5366538240;PartitionCount=4;signature=2901454064
2015-6-9 9:41:13 DEBUG:[guisanboot.data.GetDiskPartitionTableForWinOnClnt] ========> diskno=0;disk_size=5366538240;PartitionCount=4;signature=2901454064
2015-6-9 9:41:13 DEBUG:[guisanboot.data.GetDiskPartitionTableForWinOnClnt] ========> StartingOffset=28672;PartitionLength=5359198208;HiddenSectors=56;PartitionNumber=1;PartitionType=7;BootIndicator=1;RecognizedPartition=1;RewritePartition=0;letter=C;label=local ;filesystem=NTFS;
2015-6-9 9:41:13 DEBUG:[guisanboot.data.GetDiskPartitionTableForWinOnClnt] ========> StartingOffset=28672;PartitionLength=5359198208;HiddenSectors=56;PartitionNumber=1;PartitionType=7;BootIndicator=1;RecognizedPartition=1;RewritePartition=0;letter=C;label=local ;filesystem=NTFS;
2015-6-9 9:41:13 DEBUG:[guisanboot.data.GetDiskPartitionTableForWinOnClnt] ========> StartingOffset=0;PartitionLength=0;HiddenSectors=0;PartitionNumber=0;PartitionType=0;BootIndicator=0;RecognizedPartition=0;RewritePartition=0;
2015-6-9 9:41:13 DEBUG:[guisanboot.data.GetDiskPartitionTableForWinOnClnt] ========> StartingOffset=0;PartitionLength=0;HiddenSectors=0;PartitionNumber=0;PartitionType=0;BootIndicator=0;RecognizedPartition=0;RewritePartition=0;
2015-6-9 9:41:13 DEBUG:[guisanboot.data.GetDiskPartitionTableForWinOnClnt] ========> StartingOffset=0;PartitionLength=0;HiddenSectors=0;PartitionNumber=0;PartitionType=0;BootIndicator=0;RecognizedPartition=0;RewritePartition=0;
2015-6-9 9:41:13 DEBUG:[guisanboot.data.GetDiskPartitionTableForWinOnClnt] ========> StartingOffset=0;PartitionLength=0;HiddenSectors=0;PartitionNumber=0;PartitionType=0;BootIndicator=0;RecognizedPartition=0;RewritePartition=0;
2015-6-9 9:41:13 DEBUG:[guisanboot.data.GetDiskPartitionTableForWinOnClnt] ========> StartingOffset=0;PartitionLength=0;HiddenSectors=0;PartitionNumber=0;PartitionType=0;BootIndicator=0;RecognizedPartition=0;RewritePartition=0;
2015-6-9 9:41:13 DEBUG:[guisanboot.data.GetDiskPartitionTableForWinOnClnt] ========> StartingOffset=0;PartitionLength=0;HiddenSectors=0;PartitionNumber=0;PartitionType=0;BootIndicator=0;RecognizedPartition=0;RewritePartition=0;
2015-6-9 9:41:13 DEBUG:[guisanboot.data.GetDiskPartitionTableForWinOnClnt] ========> diskno=1;disk_size=1069286400;PartitionCount=4;signature=1818067699
2015-6-9 9:41:13 DEBUG:[guisanboot.data.GetDiskPartitionTableForWinOnClnt] ========> diskno=1;disk_size=1069286400;PartitionCount=4;signature=1818067699
2015-6-9 9:41:13 DEBUG:[guisanboot.data.GetDiskPartitionTableForWinOnClnt] ========> StartingOffset=32256;PartitionLength=1069254144;HiddenSectors=63;PartitionNumber=1;PartitionType=7;BootIndicator=0;RecognizedPartition=1;RewritePartition=0;letter=D;label=新加卷;filesystem=NTFS;
2015-6-9 9:41:13 DEBUG:[guisanboot.data.GetDiskPartitionTableForWinOnClnt] ========> StartingOffset=32256;PartitionLength=1069254144;HiddenSectors=63;PartitionNumber=1;PartitionType=7;BootIndicator=0;RecognizedPartition=1;RewritePartition=0;letter=D;label=新加卷;filesystem=NTFS;
2015-6-9 9:41:13 DEBUG:[guisanboot.data.GetDiskPartitionTableForWinOnClnt] ========> StartingOffset=0;PartitionLength=0;HiddenSectors=0;PartitionNumber=0;PartitionType=0;BootIndicator=0;RecognizedPartition=0;RewritePartition=0;
2015-6-9 9:41:13 DEBUG:[guisanboot.data.GetDiskPartitionTableForWinOnClnt] ========> StartingOffset=0;PartitionLength=0;HiddenSectors=0;PartitionNumber=0;PartitionType=0;BootIndicator=0;RecognizedPartition=0;RewritePartition=0;
2015-6-9 9:41:13 DEBUG:[guisanboot.data.GetDiskPartitionTableForWinOnClnt] ========> StartingOffset=0;PartitionLength=0;HiddenSectors=0;PartitionNumber=0;PartitionType=0;BootIndicator=0;RecognizedPartition=0;RewritePartition=0;
2015-6-9 9:41:13 DEBUG:[guisanboot.data.GetDiskPartitionTableForWinOnClnt] ========> StartingOffset=0;PartitionLength=0;HiddenSectors=0;PartitionNumber=0;PartitionType=0;BootIndicator=0;RecognizedPartition=0;RewritePartition=0;
2015-6-9 9:41:13 DEBUG:[guisanboot.data.GetDiskPartitionTableForWinOnClnt] ========> StartingOffset=0;PartitionLength=0;HiddenSectors=0;PartitionNumber=0;PartitionType=0;BootIndicator=0;RecognizedPartition=0;RewritePartition=0;
2015-6-9 9:41:13 DEBUG:[guisanboot.data.GetDiskPartitionTableForWinOnClnt] ========> StartingOffset=0;PartitionLength=0;HiddenSectors=0;PartitionNumber=0;PartitionType=0;BootIndicator=0;RecognizedPartition=0;RewritePartition=0;
2015-6-9 9:41:13 INFO:[guisanboot.data.GetDiskPartitionTableForWinOnClnt]  get old(new) disk partition table for win retcode: 0
2015-6-9 9:41:13 INFO:[guisanboot.data.ManageDB] isStartupfromSAN cmd: /sbin/clnt_cmd 192.168.1.28 2015 cmd -cmdtype executeother -command  ib_get_disk_type.exe C
2015-6-9 9:41:17 DEBUG:[guisanboot.data.IsStartupFromSAN] ========> Result:
2015-6-9 9:41:17 DEBUG:[guisanboot.data.IsStartupFromSAN] ========> *isEnd=1 *return=0
2015-6-9 9:41:17 DEBUG:[guisanboot.data.IsStartupFromSAN] ========> Bus:SCSI Vendor:vmware,
2015-6-9 9:41:17 DEBUG:[guisanboot.data.IsStartupFromSAN] ========> Bus:SCSI Vendor:vmware,
2015-6-9 9:41:17 INFO:[guisanboot.data.ManageDB] isStartupFromSAN cmd retcode: 0
2015-6-9 9:41:17 DEBUG:[guisanboot.cmdp.ui.PhyInitBootHostWizardDialog]  ######### init new host: 192.168.1.28 / 2015. Maybe there is a conflict on UUID.
2015-6-9 9:41:17 DEBUG:[guisanboot.cmdp.ui.PhyInitBootHostWizardDialog] disk num: 0
2015-6-9 9:41:17 DEBUG:[guisanboot.cmdp.ui.PhyInitBootHostWizardDialog] VolMap num: 0
2015-6-9 9:41:17 DEBUG:[guisanboot.cmdp.ui.PhyInitBootHostWizardDialog] mdi num: 0
2015-6-9 9:41:23 INFO:[guisanboot.data.GetIpInfoOnClnt]  get IP info of client cmd: /sbin/clnt_cmd 192.168.1.28 2015 cmd -cmdtype executeother -command  ib_get_net_info.exe -a 00-00-00-00-00-00
2015-6-9 9:41:25 DEBUG:[guisanboot.data.GetIpInfoOnClnt] ========> Result:
2015-6-9 9:41:25 DEBUG:[guisanboot.data.GetIpInfoOnClnt] ========> *isEnd=1 *return=0
2015-6-9 9:41:25 DEBUG:[guisanboot.data.GetIpInfoOnClnt] ========> HostName: 	BZH-ED9C7A86A88
2015-6-9 9:41:25 DEBUG:[guisanboot.data.GetIpInfoOnClnt] ========> Adapter: 	AMD PCNET Family PCI Ethernet Adapter - 数据包计划程序微型端口
2015-6-9 9:41:25 DEBUG:[guisanboot.data.GetIpInfoOnClnt] ========> Mac Address:  	00-0C-29-41-7F-B7
2015-6-9 9:41:25 DEBUG:[guisanboot.data.GetIpInfoOnClnt] ========> Connection:  	本地连接
2015-6-9 9:41:25 DEBUG:[guisanboot.data.GetIpInfoOnClnt] ========> Conn Type:  	Ethernet
2015-6-9 9:41:25 DEBUG:[guisanboot.data.GetIpInfoOnClnt] ========> IP Address: 	192.168.1.28
2015-6-9 9:41:25 DEBUG:[guisanboot.data.GetIpInfoOnClnt] ========> Sub Mask: 	255.255.255.0
2015-6-9 9:41:25 DEBUG:[guisanboot.data.GetIpInfoOnClnt] ========> Gateway: 	192.168.1.1
2015-6-9 9:41:25 DEBUG:[guisanboot.data.GetIpInfoOnClnt] ========> DHCP Enabled: 	No
2015-6-9 9:41:25 DEBUG:[guisanboot.data.GetIpInfoOnClnt] ========> Have Wins: 	No
2015-6-9 9:41:25 DEBUG:[guisanboot.data.GetIpInfoOnClnt] ========> DNS Address: 	192.168.1.1
2015-6-9 9:41:25 DEBUG:[guisanboot.data.GetIpInfoOnClnt] ========> Media Status:
2015-6-9 9:41:25 INFO:[guisanboot.data.GetIpInfoOnClnt]  get IP info of client retcode: 0
2015-6-9 9:41:25 DEBUG:[guisanboot.data.GetIpInfoOnClnt] ======>(getAllNetCard)HostName: 	BZH-ED9C7A86A88
2015-6-9 9:41:25 DEBUG:[guisanboot.data.GetIpInfoOnClnt] ======>(getAllNetCard)2
2015-6-9 9:41:25 DEBUG:[guisanboot.data.GetIpInfoOnClnt] ======>(getAllNetCard)HostName
2015-6-9 9:41:25 DEBUG:[guisanboot.data.GetIpInfoOnClnt] ======>(getAllNetCard)Adapter: 	AMD PCNET Family PCI Ethernet Adapter - 数据包计划程序微型端口
2015-6-9 9:41:25 DEBUG:[guisanboot.data.GetIpInfoOnClnt] ======>(getAllNetCard)2
2015-6-9 9:41:25 DEBUG:[guisanboot.data.GetIpInfoOnClnt] ======>(getAllNetCard)Adapter
2015-6-9 9:41:25 DEBUG:[guisanboot.data.GetIpInfoOnClnt]  findPattern: Mac Address:  	00-0C-29-41-7F-B7
2015-6-9 9:41:25 DEBUG:[guisanboot.data.GetIpInfoOnClnt]  111111111111111111111: Mac Address:  	00-0C-29-41-7F-B7
2015-6-9 9:41:25 DEBUG:[guisanboot.data.GetIpInfoOnClnt]  findPattern: Connection:  	本地连接
2015-6-9 9:41:25 DEBUG:[guisanboot.data.GetIpInfoOnClnt]  findPattern: Conn Type:  	Ethernet
2015-6-9 9:41:25 DEBUG:[guisanboot.data.GetIpInfoOnClnt]  findPattern: IP Address: 	192.168.1.28
2015-6-9 9:41:25 DEBUG:[guisanboot.data.GetIpInfoOnClnt]  222222222222222222222222: IP Address: 	192.168.1.28
2015-6-9 9:41:25 DEBUG:[guisanboot.data.GetIpInfoOnClnt]  333333333333333333: Gateway: 	192.168.1.1
2015-6-9 9:41:25 DEBUG:[guisanboot.data.GetIpInfoOnClnt]  findPattern: Gateway: 	192.168.1.1
2015-6-9 9:41:25 DEBUG:[guisanboot.data.GetIpInfoOnClnt]  gateway indx: 7
2015-6-9 9:41:25 DEBUG:[guisanboot.data.GetIpInfoOnClnt]  findPattern: Gateway: 	192.168.1.1
2015-6-9 9:41:25 DEBUG:[guisanboot.data.GetIpInfoOnClnt]  findPattern: DHCP Enabled: 	No
2015-6-9 9:41:25 DEBUG:[guisanboot.data.GetIpInfoOnClnt]  findPattern: Have Wins: 	No
2015-6-9 9:41:25 DEBUG:[guisanboot.data.GetIpInfoOnClnt]  findPattern: DNS Address: 	192.168.1.1
2015-6-9 9:41:25 DEBUG:[guisanboot.data.GetIpInfoOnClnt]  findPattern: Media Status:
2015-6-9 9:41:25 DEBUG:[guisanboot.data.GetIpInfoOnClnt]  Media Status indx: 11
2015-6-9 9:41:25 DEBUG:[guisanboot.data.GetIpInfoOnClnt]  ip=======: IP Address: 	192.168.1.28
2015-6-9 9:41:26 DEBUG:[guisanboot.data.GetIpInfoOnClnt]  mask=======: Sub Mask: 	255.255.255.0
2015-6-9 9:41:39 DEBUG:[guisanboot.tool.UWSSockConnectManager] begin to check socket connections.............
2015-6-9 9:42:39 DEBUG:[guisanboot.tool.UWSSockConnectManager] begin to check socket connections.............
2015-6-9 9:43:39 DEBUG:[guisanboot.tool.UWSSockConnectManager] begin to check socket connections.............
2015-6-9 9:44:39 DEBUG:[guisanboot.tool.UWSSockConnectManager] begin to check socket connections.............
2015-6-9 9:45:39 DEBUG:[guisanboot.tool.UWSSockConnectManager] begin to check socket connections.............
2015-6-9 9:46:39 DEBUG:[guisanboot.tool.UWSSockConnectManager] begin to check socket connections.............
2015-6-9 9:47:39 DEBUG:[guisanboot.tool.UWSSockConnectManager] begin to check socket connections.............
2015-6-9 9:48:39 DEBUG:[guisanboot.tool.UWSSockConnectManager] begin to check socket connections.............
2015-6-9 9:49:39 DEBUG:[guisanboot.tool.UWSSockConnectManager] begin to check socket connections.............
2015-6-9 9:50:39 DEBUG:[guisanboot.tool.UWSSockConnectManager] begin to check socket connections.............
2015-6-9 9:51:39 DEBUG:[guisanboot.tool.UWSSockConnectManager] begin to check socket connections.............
2015-6-9 9:52:39 DEBUG:[guisanboot.tool.UWSSockConnectManager] begin to check socket connections.............
2015-6-9 9:53:31 INFO:[guisanboot.cmdp.action.InitHostByPhyProtectAction] ########### End of window host's phy-init process action. 
2015-6-9 9:53:39 DEBUG:[guisanboot.tool.UWSSockConnectManager] begin to check socket connections.............
