2015-6-3 7:49:43 INFO:[guisanboot.ui.SanBootView] UWS ¹ÜÀíÆ÷ 6.2.0 °æ buildtime:   Log Level: 1
2015-6-3 7:49:43 INFO:[guisanboot.ui.SanBootView] Restore mirror type: 2
2015-6-3 7:49:43 INFO:[guisanboot.ui.SanBootView] global high delta: 20
2015-6-3 7:49:43 INFO:[guisanboot.ui.SanBootView] global width delta: 20
2015-6-3 7:49:56 INFO:[guisanboot.action.LoginAction] ########### Entering login action. 
2015-6-3 7:59:59 INFO:[guisanboot.data.ManageDB] begin to login server.
2015-6-3 7:59:59 INFO:[guisanboot.data.ManageDB] login server successfully.
2015-6-3 7:59:59 INFO:[guisanboot.data.GetConfigFile]  get config file cmd: cat /etc/odybk.conf
2015-6-3 8:00:00 DEBUG:[guisanboot.data.GetConfigFile] ========> INSTALL_PATH=/usr/odybk
2015-6-3 8:00:00 DEBUG:[guisanboot.data.GetConfigFile] ========> SNAPDB=/usr/odybk/vsnap/db/snapdb
2015-6-3 8:00:00 DEBUG:[guisanboot.data.GetConfigFile] ========> VIBOOTDB=/usr/odybk/vsnap/vidb/ibootdb
2015-6-3 8:00:00 DEBUG:[guisanboot.data.GetConfigFile] ========> UIBOOTDB=/usr/odybk/vsnap/uidb/ibootdb
2015-6-3 8:00:00 DEBUG:[guisanboot.data.GetConfigFile] ========> SNAPPATH=/usr/odybk/vsnap
2015-6-3 8:00:00 DEBUG:[guisanboot.data.GetConfigFile] ========> SYNC_INSTALL_PATH=/usr/odysync
2015-6-3 8:00:00 DEBUG:[guisanboot.data.GetConfigFile] ========> SYNCDB=/usr/odysync/db/Odysyncdb
2015-6-3 8:00:00 DEBUG:[guisanboot.data.GetConfigFile] ========> ODBROOT=/usr/odybk/server/db/OdyBkinfo
2015-6-3 8:00:00 DEBUG:[guisanboot.data.GetConfigFile] ========> D2DODBROOT=/usr/odybk/d2dserver/db/d2dOdyBkinfo
2015-6-3 8:00:00 DEBUG:[guisanboot.data.GetConfigFile] ========> compress_cmd=/usr/bin/bzip2
2015-6-3 8:00:00 DEBUG:[guisanboot.data.GetConfigFile] ========> compress_suffix=bz2
2015-6-3 8:00:00 DEBUG:[guisanboot.data.GetConfigFile] ========> compress_days=7
2015-6-3 8:00:00 DEBUG:[guisanboot.data.GetConfigFile] ========> admin_email=root
2015-6-3 8:00:00 DEBUG:[guisanboot.data.GetConfigFile] ========> task_expired=60
2015-6-3 8:00:00 DEBUG:[guisanboot.data.GetConfigFile] ========> MAX_BACKUP_LEVEL=6
2015-6-3 8:00:00 DEBUG:[guisanboot.data.GetConfigFile] ========> MSPORT=6020
2015-6-3 8:00:00 DEBUG:[guisanboot.data.GetConfigFile] ========> MSDB=/usr/odybk/d2dserver/db/msdb
2015-6-3 8:00:00 DEBUG:[guisanboot.data.GetConfigFile] ========> IBOOTDB=/usr/odybk/server/db/ibootdb
2015-6-3 8:00:00 DEBUG:[guisanboot.data.GetConfigFile] ========> DEBUG=1
2015-6-3 8:00:00 INFO:[guisanboot.data.GetConfigFile]  get config file retcode: 0
2015-6-3 8:00:00 INFO:[guisanboot.data.GetDhcpConfig]  get dhcp config cmd: cat /usr/odybk/server/conf/dhcp.conf
2015-6-3 8:00:01 INFO:[guisanboot.data.GetDhcpConfig]  get dhcp config retcode: 0
2015-6-3 8:00:01 INFO:[guisanboot.ui.InitApp] getting dhcp info.....
2015-6-3 8:00:01 INFO:[guisanboot.data.ViewTextFile] viewFile cmd: cat /etc/sysconfig/customdrv/dhcpenable
2015-6-3 8:00:02 INFO:[guisanboot.data.ViewTextFile] viewFile cmd retcode: 0
2015-6-3 8:00:02 INFO:[guisanboot.ui.InitApp]  dhcpEnable: true
2015-6-3 8:00:02 INFO:[guisanboot.data.GetGlobalOptFromDHCP] getGlobalOptFromDHCP cmd: /usr/odybk/server/bin/dhcp_set.sh listglobal
2015-6-3 8:00:03 DEBUG:[guisanboot.data.GetGlobalOptFromDHCP] ========> domain
2015-6-3 8:00:03 DEBUG:[guisanboot.data.GetGlobalOptFromDHCP] ========> gateway
2015-6-3 8:00:03 DEBUG:[guisanboot.data.GetGlobalOptFromDHCP] ========> os
2015-6-3 8:00:03 INFO:[guisanboot.data.GetGlobalOptFromDHCP] getGlobalOptFromDHCP retcode: 0
2015-6-3 8:00:03 INFO:[guisanboot.data.GetSubnetFromDHCP] getSubnet from dhcp cmd: /usr/odybk/server/bin/dhcp_set.sh getsubnetinfo
2015-6-3 8:00:04 DEBUG:[guisanboot.data.GetSubnetFromDHCP] ========> 192.168.1.0 255.255.255.0 192.168.1.1 192.168.1.254 86400 -1
2015-6-3 8:00:04 INFO:[guisanboot.data.GetSubnetFromDHCP] getSubnet from dhcp retcode: 0
2015-6-3 8:00:04 INFO:[guisanboot.data.GetIBootSrvFromDHCP] getIBootSrvFromDHCP cmd: /usr/odybk/server/bin/dhcp_set.sh listnextserver
2015-6-3 8:00:05 DEBUG:[guisanboot.data.GetIBootSrvFromDHCP] ========> 192.168.1.253 0
2015-6-3 8:00:05 INFO:[guisanboot.data.GetIBootSrvFromDHCP] getIBootSrvFromDHCP retcode: 0
2015-6-3 8:00:05 INFO:[guisanboot.data.GetClientFromDHCP]  getClntFromDhcp cmd: /usr/odybk/server/bin/dhcp_set.sh listallclients
2015-6-3 8:00:06 DEBUG:[guisanboot.data.GetClientFromDHCP] ======>192.168.1.118 00:0C:29:7A:80:35 192.168.1.0 192.168.1.253 unspecified unspecified windows peboot
2015-6-3 8:00:06 INFO:[guisanboot.data.GetClientFromDHCP]  getClntFromDhcp retcode: 0
2015-6-3 8:00:06 INFO:[guisanboot.data.GetBootHost]  get BootHost cmd: /usr/odybk/server/bin/idbmgr -clnt -prt all
2015-6-3 8:00:07 DEBUG:[guisanboot.data.GetBootHost] #####: Record:  1
2015-6-3 8:00:07 DEBUG:[guisanboot.data.GetBootHost] #####: clnt_id=3
2015-6-3 8:00:07 DEBUG:[guisanboot.data.GetBootHost] @@@@@: 3
2015-6-3 8:00:07 DEBUG:[guisanboot.data.GetBootHost] #####: clnt_name=uwstest1
2015-6-3 8:00:07 DEBUG:[guisanboot.data.GetBootHost] @@@@@: uwstest1
2015-6-3 8:00:07 DEBUG:[guisanboot.data.GetBootHost] #####: clnt_ip=192.168.1.118
2015-6-3 8:00:07 DEBUG:[guisanboot.data.GetBootHost] @@@@@: 192.168.1.118
2015-6-3 8:00:07 DEBUG:[guisanboot.data.GetBootHost] #####: clnt_machine=x86
2015-6-3 8:00:07 DEBUG:[guisanboot.data.GetBootHost] @@@@@: x86
2015-6-3 8:00:07 DEBUG:[guisanboot.data.GetBootHost] #####: clnt_port=5000
2015-6-3 8:00:07 DEBUG:[guisanboot.data.GetBootHost] @@@@@: 5000
2015-6-3 8:00:07 DEBUG:[guisanboot.data.GetBootHost] #####: clnt_os=WinXP
2015-6-3 8:00:07 DEBUG:[guisanboot.data.GetBootHost] @@@@@: WinXP
2015-6-3 8:00:07 DEBUG:[guisanboot.data.GetBootHost] #####: clnt_status=Online
2015-6-3 8:00:07 DEBUG:[guisanboot.data.GetBootHost] @@@@@: Online
2015-6-3 8:00:07 DEBUG:[guisanboot.data.GetBootHost] #####: clnt_conf=c87084f3-b816-41ec-984f-8047be82484f
2015-6-3 8:00:07 DEBUG:[guisanboot.data.GetBootHost] @@@@@: c87084f3-b816-41ec-984f-8047be82484f
2015-6-3 8:00:07 DEBUG:[guisanboot.data.GetBootHost] #####: clnt_inited_flag=1
2015-6-3 8:00:07 DEBUG:[guisanboot.data.GetBootHost] @@@@@: 1
2015-6-3 8:00:07 DEBUG:[guisanboot.data.GetBootHost] #####: clnt_auto_dr_flag=0
2015-6-3 8:00:07 DEBUG:[guisanboot.data.GetBootHost] @@@@@: 0
2015-6-3 8:00:07 DEBUG:[guisanboot.data.GetBootHost] #####: clnt_auto_reboot_flag=0
2015-6-3 8:00:07 DEBUG:[guisanboot.data.GetBootHost] @@@@@: 0
2015-6-3 8:00:07 DEBUG:[guisanboot.data.GetBootHost] #####: clnt_stop_base_service=1
2015-6-3 8:00:07 DEBUG:[guisanboot.data.GetBootHost] @@@@@: 1
2015-6-3 8:00:07 DEBUG:[guisanboot.data.GetBootHost] #####: clnt_mac_address=00-0C-29-7A-80-35
2015-6-3 8:00:07 DEBUG:[guisanboot.data.GetBootHost] @@@@@: 00-0C-29-7A-80-35
2015-6-3 8:00:07 DEBUG:[guisanboot.data.GetBootHost] #####: clnt_boot_mode=1
2015-6-3 8:00:07 DEBUG:[guisanboot.data.GetBootHost] @@@@@: 1
2015-6-3 8:00:07 DEBUG:[guisanboot.data.GetBootHost] #####: clnt_mode=0
2015-6-3 8:00:07 DEBUG:[guisanboot.data.GetBootHost] @@@@@: 0
2015-6-3 8:00:07 DEBUG:[guisanboot.data.GetBootHost] #####: clnt_portname=
2015-6-3 8:00:07 DEBUG:[guisanboot.data.GetBootHost] @@@@@: 
2015-6-3 8:00:07 DEBUG:[guisanboot.data.GetBootHost] #####: clnt_protect_type=1
2015-6-3 8:00:07 DEBUG:[guisanboot.data.GetBootHost] @@@@@: 1
2015-6-3 8:00:07 DEBUG:[guisanboot.data.GetBootHost] #####: clnt_auto_switch_disk=
2015-6-3 8:00:07 DEBUG:[guisanboot.data.GetBootHost] @@@@@: 
2015-6-3 8:00:07 DEBUG:[guisanboot.data.GetBootHost] #####: clnt_port1=5000
2015-6-3 8:00:07 DEBUG:[guisanboot.data.GetBootHost] @@@@@: 5000
2015-6-3 8:00:07 DEBUG:[guisanboot.data.GetBootHost] #####: clnt_cluster_id=0
2015-6-3 8:00:07 DEBUG:[guisanboot.data.GetBootHost] @@@@@: 0
2015-6-3 8:00:07 DEBUG:[guisanboot.data.GetBootHost] #####: clnt_d2d_cid=0
2015-6-3 8:00:07 DEBUG:[guisanboot.data.GetBootHost] @@@@@: 0
2015-6-3 8:00:07 DEBUG:[guisanboot.data.GetBootHost] #####: clnt_pri_ip=
2015-6-3 8:00:07 DEBUG:[guisanboot.data.GetBootHost] @@@@@: 
2015-6-3 8:00:07 DEBUG:[guisanboot.data.GetBootHost] #####: clnt_vip=
2015-6-3 8:00:07 DEBUG:[guisanboot.data.GetBootHost] @@@@@: 
2015-6-3 8:00:07 DEBUG:[guisanboot.data.GetBootHost] #####: clnt_opt=0
2015-6-3 8:00:07 DEBUG:[guisanboot.data.GetBootHost] @@@@@: 0
2015-6-3 8:00:07 INFO:[guisanboot.data.GetBootHost]  get BootHost retcode: 0
2015-6-3 8:00:07 INFO:[guisanboot.datadup.cmd.GetBakClient]  get bak clnt cmd: /usr/odybk/server/bin/dbmgr -clnt -prt all
2015-6-3 8:00:08 INFO:[guisanboot.datadup.cmd.GetBakClient]  get bak clnt cmd retcode: 0
2015-6-3 8:00:08 INFO:[guisanboot.data.GetVolumeMap]  get volmap list cmd: /usr/odybk/server/bin/idbmgr -vol -prt all
2015-6-3 8:00:09 DEBUG:[guisanboot.data.GetVolumeMap] (GetVolumeMap): Record:  1
2015-6-3 8:00:09 DEBUG:[guisanboot.data.GetVolumeMap] (GetVolumeMap): vol_name=C192.168.1.118
2015-6-3 8:00:09 DEBUG:[guisanboot.data.GetVolumeMap] (GetVolumeMap): vol_clntid=3
2015-6-3 8:00:09 DEBUG:[guisanboot.data.GetVolumeMap] (GetVolumeMap): vol_disklabel=C:\
2015-6-3 8:00:09 DEBUG:[guisanboot.data.GetVolumeMap] (GetVolumeMap): vol_target_id=32768
2015-6-3 8:00:09 DEBUG:[guisanboot.data.GetVolumeMap] (GetVolumeMap): vol_max_snap=4
2015-6-3 8:00:09 DEBUG:[guisanboot.data.GetVolumeMap] (GetVolumeMap): vol_desc=
2015-6-3 8:00:09 DEBUG:[guisanboot.data.GetVolumeMap] (GetVolumeMap): vol_mgid=
2015-6-3 8:00:09 DEBUG:[guisanboot.data.GetVolumeMap] (GetVolumeMap): vol_rootid=3
2015-6-3 8:00:09 DEBUG:[guisanboot.data.GetVolumeMap] (GetVolumeMap): vol_uuid=
2015-6-3 8:00:09 DEBUG:[guisanboot.data.GetVolumeMap] (GetVolumeMap): vol_current_localid=
2015-6-3 8:00:09 DEBUG:[guisanboot.data.GetVolumeMap] (GetVolumeMap): vol_info=
2015-6-3 8:00:09 DEBUG:[guisanboot.data.GetVolumeMap] (GetVolumeMap): vol_capacity=
2015-6-3 8:00:09 DEBUG:[guisanboot.data.GetVolumeMap] (GetVolumeMap): vol_view_targetid=
2015-6-3 8:00:09 DEBUG:[guisanboot.data.GetVolumeMap] (GetVolumeMap): crsnap_services=
2015-6-3 8:00:09 DEBUG:[guisanboot.data.GetVolumeMap] (GetVolumeMap): changever_services=
2015-6-3 8:00:09 DEBUG:[guisanboot.data.GetVolumeMap] (GetVolumeMap): database_instances=
2015-6-3 8:00:09 DEBUG:[guisanboot.data.GetVolumeMap] (GetVolumeMap): others=
2015-6-3 8:00:09 DEBUG:[guisanboot.data.GetVolumeMap] (GetVolumeMap): groupinfo=
2015-6-3 8:00:09 DEBUG:[guisanboot.data.GetVolumeMap] (GetVolumeMap): groupinfodetail=
2015-6-3 8:00:09 DEBUG:[guisanboot.data.GetVolumeMap] (GetVolumeMap): groupname=
2015-6-3 8:00:09 DEBUG:[guisanboot.data.GetVolumeMap] (GetVolumeMap): setversion=
2015-6-3 8:00:09 DEBUG:[guisanboot.data.GetVolumeMap] (GetVolumeMap): vol_last_sel_boot_version=32768
2015-6-3 8:00:09 DEBUG:[guisanboot.data.GetVolumeMap] (GetVolumeMap): vol_last_sel_boot_info=
2015-6-3 8:00:09 DEBUG:[guisanboot.data.GetVolumeMap] (GetVolumeMap): vol_lun=
2015-6-3 8:00:09 DEBUG:[guisanboot.data.GetVolumeMap] (GetVolumeMap): vol_permit=
2015-6-3 8:00:09 DEBUG:[guisanboot.data.GetVolumeMap] (GetVolumeMap): last_good_boot_disk_type=
2015-6-3 8:00:09 DEBUG:[guisanboot.data.GetVolumeMap] (GetVolumeMap): last_sel_boot_disk_type=0
2015-6-3 8:00:09 DEBUG:[guisanboot.data.GetVolumeMap] (GetVolumeMap): vol_last_good_boot_info=
2015-6-3 8:00:09 DEBUG:[guisanboot.data.GetVolumeMap] (GetVolumeMap): rollback_orgi_volname=
2015-6-3 8:00:09 DEBUG:[guisanboot.data.GetVolumeMap] (GetVolumeMap): rollback_orgi_uws=
2015-6-3 8:00:09 DEBUG:[guisanboot.data.GetVolumeMap] (GetVolumeMap): vol_switch_last_sel_version=
2015-6-3 8:00:09 DEBUG:[guisanboot.data.GetVolumeMap] (GetVolumeMap): vol_switch_last_sel_info=
2015-6-3 8:00:09 DEBUG:[guisanboot.data.GetVolumeMap] (GetVolumeMap): vol_switch_last_sel_disk_type=
2015-6-3 8:00:09 DEBUG:[guisanboot.data.GetVolumeMap] (GetVolumeMap): vol_switch_last_good_version=
2015-6-3 8:00:09 DEBUG:[guisanboot.data.GetVolumeMap] (GetVolumeMap): vol_switch_last_good_info=
2015-6-3 8:00:09 DEBUG:[guisanboot.data.GetVolumeMap] (GetVolumeMap): vol_switch_last_good_disk_type=
2015-6-3 8:00:09 DEBUG:[guisanboot.data.GetVolumeMap] (GetVolumeMap): vol_protect_type=1
2015-6-3 8:00:09 DEBUG:[guisanboot.data.GetVolumeMap] (GetVolumeMap): vol_cluster_id=0
2015-6-3 8:00:09 DEBUG:[guisanboot.data.GetVolumeMap] (GetVolumeMap): vol_opt=0
2015-6-3 8:00:09 DEBUG:[guisanboot.data.GetVolumeMap] (GetVolumeMap): Record:  2
2015-6-3 8:00:09 DEBUG:[guisanboot.data.GetVolumeMap] (GetVolumeMap): vol_name=E192.168.1.118
2015-6-3 8:00:09 DEBUG:[guisanboot.data.GetVolumeMap] (GetVolumeMap): vol_clntid=3
2015-6-3 8:00:09 DEBUG:[guisanboot.data.GetVolumeMap] (GetVolumeMap): vol_disklabel=E:\
2015-6-3 8:00:09 DEBUG:[guisanboot.data.GetVolumeMap] (GetVolumeMap): vol_target_id=32769
2015-6-3 8:00:09 DEBUG:[guisanboot.data.GetVolumeMap] (GetVolumeMap): vol_max_snap=4
2015-6-3 8:00:09 DEBUG:[guisanboot.data.GetVolumeMap] (GetVolumeMap): vol_desc=
2015-6-3 8:00:09 DEBUG:[guisanboot.data.GetVolumeMap] (GetVolumeMap): vol_mgid=
2015-6-3 8:00:09 DEBUG:[guisanboot.data.GetVolumeMap] (GetVolumeMap): vol_rootid=4
2015-6-3 8:00:09 DEBUG:[guisanboot.data.GetVolumeMap] (GetVolumeMap): vol_uuid=
2015-6-3 8:00:09 DEBUG:[guisanboot.data.GetVolumeMap] (GetVolumeMap): vol_current_localid=
2015-6-3 8:00:09 DEBUG:[guisanboot.data.GetVolumeMap] (GetVolumeMap): vol_info=
2015-6-3 8:00:09 DEBUG:[guisanboot.data.GetVolumeMap] (GetVolumeMap): vol_capacity=
2015-6-3 8:00:09 DEBUG:[guisanboot.data.GetVolumeMap] (GetVolumeMap): vol_view_targetid=
2015-6-3 8:00:09 DEBUG:[guisanboot.data.GetVolumeMap] (GetVolumeMap): crsnap_services=
2015-6-3 8:00:09 DEBUG:[guisanboot.data.GetVolumeMap] (GetVolumeMap): changever_services=
2015-6-3 8:00:09 DEBUG:[guisanboot.data.GetVolumeMap] (GetVolumeMap): database_instances=
2015-6-3 8:00:09 DEBUG:[guisanboot.data.GetVolumeMap] (GetVolumeMap): others=
2015-6-3 8:00:09 DEBUG:[guisanboot.data.GetVolumeMap] (GetVolumeMap): groupinfo=
2015-6-3 8:00:09 DEBUG:[guisanboot.data.GetVolumeMap] (GetVolumeMap): groupinfodetail=
2015-6-3 8:00:09 DEBUG:[guisanboot.data.GetVolumeMap] (GetVolumeMap): groupname=
2015-6-3 8:00:09 DEBUG:[guisanboot.data.GetVolumeMap] (GetVolumeMap): setversion=
2015-6-3 8:00:09 DEBUG:[guisanboot.data.GetVolumeMap] (GetVolumeMap): vol_last_sel_boot_version=32769
2015-6-3 8:00:09 DEBUG:[guisanboot.data.GetVolumeMap] (GetVolumeMap): vol_last_sel_boot_info=
2015-6-3 8:00:09 DEBUG:[guisanboot.data.GetVolumeMap] (GetVolumeMap): vol_lun=
2015-6-3 8:00:09 DEBUG:[guisanboot.data.GetVolumeMap] (GetVolumeMap): vol_permit=
2015-6-3 8:00:09 DEBUG:[guisanboot.data.GetVolumeMap] (GetVolumeMap): last_good_boot_disk_type=
2015-6-3 8:00:09 DEBUG:[guisanboot.data.GetVolumeMap] (GetVolumeMap): last_sel_boot_disk_type=0
2015-6-3 8:00:09 DEBUG:[guisanboot.data.GetVolumeMap] (GetVolumeMap): vol_last_good_boot_info=
2015-6-3 8:00:09 DEBUG:[guisanboot.data.GetVolumeMap] (GetVolumeMap): rollback_orgi_volname=
2015-6-3 8:00:09 DEBUG:[guisanboot.data.GetVolumeMap] (GetVolumeMap): rollback_orgi_uws=
2015-6-3 8:00:09 DEBUG:[guisanboot.data.GetVolumeMap] (GetVolumeMap): vol_switch_last_sel_version=
2015-6-3 8:00:09 DEBUG:[guisanboot.data.GetVolumeMap] (GetVolumeMap): vol_switch_last_sel_info=
2015-6-3 8:00:09 DEBUG:[guisanboot.data.GetVolumeMap] (GetVolumeMap): vol_switch_last_sel_disk_type=
2015-6-3 8:00:09 DEBUG:[guisanboot.data.GetVolumeMap] (GetVolumeMap): vol_switch_last_good_version=
2015-6-3 8:00:09 DEBUG:[guisanboot.data.GetVolumeMap] (GetVolumeMap): vol_switch_last_good_info=
2015-6-3 8:00:09 DEBUG:[guisanboot.data.GetVolumeMap] (GetVolumeMap): vol_switch_last_good_disk_type=
2015-6-3 8:00:09 DEBUG:[guisanboot.data.GetVolumeMap] (GetVolumeMap): vol_protect_type=1
2015-6-3 8:00:09 DEBUG:[guisanboot.data.GetVolumeMap] (GetVolumeMap): vol_cluster_id=0
2015-6-3 8:00:09 DEBUG:[guisanboot.data.GetVolumeMap] (GetVolumeMap): vol_opt=0
2015-6-3 8:00:09 INFO:[guisanboot.data.GetVolumeMap]  get volmap list retcode: 0
2015-6-3 8:00:09 INFO:[guisanboot.cluster.cmd.GetCluster]  get cluster cmd: /usr/odybk/server/bin/idbmgr -cluster -prt all
2015-6-3 8:00:10 INFO:[guisanboot.cluster.cmd.GetCluster]  get cluster retcode: 0
2015-6-3 8:00:10 INFO:[guisanboot.data.GetIbootObjList]  get iboot list cmd: shell iboot list
2015-6-3 8:00:11 DEBUG:[guisanboot.data.GetIbootObjList] ========> ibenc table:
2015-6-3 8:00:11 DEBUG:[guisanboot.data.GetIbootObjList] ========> --------------------
2015-6-3 8:00:11 DEBUG:[guisanboot.data.GetIbootObjList] ========> #MAC_Address Ena Host_IP         Host_Name        Portal_IP       PPort Options  RAMs UNDIs UserName             Password             Initiator_Name Target_Name Living_Days
2015-6-3 8:00:11 DEBUG:[guisanboot.data.GetIbootObjList] ========> 000C297A8035 Yes <NULL>          <NULL>           192.168.1.253   3260  000000a0  128     0 <NULL>               <NULL>               <NULL> iqn.2005-05.cn.com.odysys.iscsi.bzh:32768 16587--1432718700:744
2015-6-3 8:00:11 DEBUG:[guisanboot.data.GetIbootObjList] 
 mac: 000C297A8035
 ena: Yes
 hostip: <NULL>
 hostName: <NULL>
 pip: 192.168.1.253
 pport: 3260
 options: 000000a0
 rams: 128
 unids: 0
 uname: <NULL>
 password: <NULL>
 ini_name: <NULL>
 tgt_name: iqn.2005-05.cn.com.odysys.iscsi.bzh:32768
 living_days: 16587--1432718700:744
2015-6-3 8:00:11 DEBUG:[guisanboot.data.GetIbootObjList] ========> --------------------
2015-6-3 8:00:11 INFO:[guisanboot.data.GetIbootObjList]  get iboot list cmd retcode: 0
2015-6-3 8:00:11 INFO:[guisanboot.data.GetServMap]  get servicemap cmd: /usr/odybk/server/bin/idbmgr -serv -prt all
2015-6-3 8:00:12 INFO:[guisanboot.data.GetServMap]  get servicemap retcode: 0
2015-6-3 8:00:12 INFO:[guisanboot.data.GetBackupUser]  get bak user cmd: /usr/odybk/server/bin/dbmgr -acct -prt all
2015-6-3 8:00:13 DEBUG:[guisanboot.data.GetBackupUser]  ======> Record:  1
2015-6-3 8:00:13 DEBUG:[guisanboot.data.GetBackupUser]  ======> account_id=1
2015-6-3 8:00:13 DEBUG:[guisanboot.data.GetBackupUser]  ======> account_name=admin
2015-6-3 8:00:13 DEBUG:[guisanboot.data.GetBackupUser]  ======> account_pass=admin
2015-6-3 8:00:13 DEBUG:[guisanboot.data.GetBackupUser]  ======> account_priv=1
2015-6-3 8:00:13 DEBUG:[guisanboot.data.GetBackupUser]  ======> account_dev_list=
2015-6-3 8:00:13 INFO:[guisanboot.data.GetBackupUser]  get bak user cmd retcode: 0
2015-6-3 8:00:13 INFO:[guisanboot.data.GetPool]  getpool cmd: /usr/odybk/vsnap/vdbmgr -pool -prt all
2015-6-3 8:00:14 DEBUG:[guisanboot.data.GetPool] ========> Record:  1
2015-6-3 8:00:14 DEBUG:[guisanboot.data.GetPool] ========> pool_id=1
2015-6-3 8:00:14 DEBUG:[guisanboot.data.GetPool] ========> pool_name=bzh
2015-6-3 8:00:14 DEBUG:[guisanboot.data.GetPool] ========> pool_path=/mnt/ResVol0
2015-6-3 8:00:14 DEBUG:[guisanboot.data.GetPool] ========> pool_vol_name=/dev/evms/ResVol0
2015-6-3 8:00:14 DEBUG:[guisanboot.data.GetPool] ========> pool_passwd=admin
2015-6-3 8:00:14 DEBUG:[guisanboot.data.GetPool] ========> pool_flag=1
2015-6-3 8:00:14 DEBUG:[guisanboot.data.GetPool] ========> pool_melt_move_data=0
2015-6-3 8:00:14 DEBUG:[guisanboot.data.GetPool] ========> pool_type=0
2015-6-3 8:00:14 INFO:[guisanboot.data.GetPool]  getpool retcode: 0
2015-6-3 8:00:14 INFO:[guisanboot.data.GetUWSrvNode]  get SWU server cmd: /usr/odybk/vsnap/vdbmgr -uws -prt all
2015-6-3 8:00:15 INFO:[guisanboot.data.GetUWSrvNode]  get SWU server retcode: 0
2015-6-3 8:00:15 INFO:[guisanboot.data.GetSrcAgnt]  get src_agent cmd: /usr/odybk/server/bin/idbmgr -srcagnt -prt all
2015-6-3 8:00:16 INFO:[guisanboot.data.GetSrcAgnt]  get src_agent retcode: 0
2015-6-3 8:00:16 INFO:[guisanboot.data.GetMGList]  get mg cmd: /usr/odybk/vsnap/vdbmgr -mg -prt all
2015-6-3 8:00:17 INFO:[guisanboot.data.GetMGList]  get mg retcode: 0
2015-6-3 8:00:17 INFO:[guisanboot.data.GetMJList]  get mj cmd: /usr/odybk/vsnap/vdbmgr -mj -prt all
2015-6-3 8:00:18 INFO:[guisanboot.data.GetMJList]  get mj retcode: 0
2015-6-3 8:00:18 INFO:[guisanboot.remotemirror.cmd.GetMJScheduler]  get mj-sch list cmd:/usr/odybk/vsnap/vdbmgr -scheduler -prt all
2015-6-3 8:00:19 INFO:[guisanboot.remotemirror.cmd.GetMJScheduler]  get mj-sch list cmd retcode:0
2015-6-3 8:00:19 INFO:[guisanboot.data.GetNetBootedHost]  get netbooted-host cmd: /usr/odybk/server/bin/idbmgr -dstagnt -prt all
2015-6-3 8:00:20 INFO:[guisanboot.data.GetNetBootedHost]  get netbooted-host retcode: 0
2015-6-3 8:00:20 INFO:[guisanboot.data.GetMirrorSnapusage]  get mirror_snap_usage cmd: /usr/odybk/server/bin/idbmgr -snapusage -prt all
2015-6-3 8:00:21 INFO:[guisanboot.data.GetMirrorSnapusage]  get mirror_snap_usage retcode: 0
2015-6-3 8:00:21 INFO:[guisanboot.data.GetMirrorDiskInfo]  get mirror_disk_info cmd: /usr/odybk/server/bin/idbmgr -diskinfo -prt all
2015-6-3 8:00:22 INFO:[guisanboot.data.GetMirrorDiskInfo]  get mirror_disk_info retcode: 0
2015-6-3 8:00:22 INFO:[guisanboot.cmdp.service.GetDriveGroup]  get drivegroup cmd: /usr/odybk/server/bin/phydup_hash.sh uws_drivesgroup_getall
2015-6-3 8:00:24 INFO:[guisanboot.cmdp.service.GetDriveGroup]  get drivegroup retcode: 0
2015-6-3 8:00:24 INFO:[guisanboot.datadup.cmd.ListProfile]  list profile cmd: /usr/odybk/server/bin/listprofile
2015-6-3 8:00:25 INFO:[guisanboot.datadup.cmd.ListProfile]  list profile recode: 0
2015-6-3 8:00:25 INFO:[guisanboot.datadup.cmd.GetBakObjList]  list bakobj cmd: /usr/odybk/server/bin/dbmgr -bobj -prt all
2015-6-3 8:00:26 INFO:[guisanboot.datadup.cmd.GetBakObjList]  list bakobj cmd retcode: 0
2015-6-3 8:00:26 INFO:[guisanboot.datadup.cmd.GetSchList]  get sch list cmd: /usr/odybk/server/bin/dbmgr -sch -prt all
2015-6-3 8:00:27 INFO:[guisanboot.datadup.cmd.GetSchList]  get sch list cmd retcode: 0
2015-6-3 8:00:27 INFO:[guisanboot.data.GetPoolInfo]  get poolinfo cmd: /usr/odybk/vsnap/poolinfo 1
2015-6-3 8:00:28 DEBUG:[guisanboot.data.GetPoolInfo] ========> /mnt/ResVol0 capacity=105689214976 freecapaciy=100076994560 visual_used=7517896768
2015-6-3 8:00:28 INFO:[guisanboot.data.GetPoolInfo]  get poolinfo cmd retcode: 0
2015-6-3 8:00:28 INFO:[guisanboot.data.GetLicence]  get license cmd: /usr/odybk/server/bin/listlicence
2015-6-3 8:00:29 DEBUG:[guisanboot.data.GetLicence] ========> MTPP:32 250 0
2015-6-3 8:00:29 DEBUG:[guisanboot.data.GetLicence]  product of license: MTPP
2015-6-3 8:00:29 DEBUG:[guisanboot.data.GetLicence]  point of license: 32 for MTPP
2015-6-3 8:00:29 DEBUG:[guisanboot.data.GetLicence]  maxsnap of license: 250 for MTPP
2015-6-3 8:00:29 DEBUG:[guisanboot.data.GetLicence] ========> CMDP:32 250 0
2015-6-3 8:00:29 DEBUG:[guisanboot.data.GetLicence]  product of license: CMDP
2015-6-3 8:00:29 DEBUG:[guisanboot.data.GetLicence]  point of license: 32 for CMDP
2015-6-3 8:00:29 DEBUG:[guisanboot.data.GetLicence]  maxsnap of license: 250 for CMDP
2015-6-3 8:00:29 DEBUG:[guisanboot.data.GetLicence] ========> DEFAULT:2 4 512
2015-6-3 8:00:29 DEBUG:[guisanboot.data.GetLicence]  product of license: DEFAULT
2015-6-3 8:00:29 DEBUG:[guisanboot.data.GetLicence]  point of license: 2 for DEFAULT
2015-6-3 8:00:29 DEBUG:[guisanboot.data.GetLicence]  maxsnap of license: 4 for DEFAULT
2015-6-3 8:00:29 INFO:[guisanboot.data.GetLicence]  get license retcode: 0
2015-6-3 8:00:29 INFO:[guisanboot.ui.InitApp] mtpp point: 32
2015-6-3 8:00:29 INFO:[guisanboot.ui.InitApp] cmdp point: 32
2015-6-3 8:00:29 INFO:[guisanboot.ui.InitApp] mtpp maxsnap num: 250
2015-6-3 8:00:29 INFO:[guisanboot.ui.InitApp] cmdp maxsnap num: 250
2015-6-3 8:00:29 INFO:[guisanboot.data.GetVMHostInfo]  get mirror_disk_info cmd: /usr/odybk/server/bin/getvminfo 
2015-6-3 8:00:31 DEBUG:[guisanboot.data.GetVMHostInfo] #####: /usr/odybk/server/bin/getvminfo: line 11: cd: /usr/odybk/server/conf/vm/: No such file or directory
2015-6-3 8:00:31 INFO:[guisanboot.data.GetVMHostInfo]  get mirror_disk_info retcode: 0
2015-6-3 8:00:31 INFO:[guisanboot.data.ManageDB] getUcsDiskCount cmd :/usr/odybk/server/bin/isucsview.sh 3
2015-6-3 8:00:32 DEBUG:[guisanboot.data.GetUcsDiskCountByView] ========> count=0
2015-6-3 8:00:32 INFO:[guisanboot.data.ManageDB] getUcsDiskCount cmd retCode :0
2015-6-3 8:00:32 INFO:[guisanboot.data.ManageDB] getUcsDiskCount cmd :/usr/odybk/server/bin/isucsview.sh 4
2015-6-3 8:00:33 DEBUG:[guisanboot.data.GetUcsDiskCountByView] ========> count=0
2015-6-3 8:00:33 INFO:[guisanboot.data.ManageDB] getUcsDiskCount cmd retCode :0
2015-6-3 8:00:33 DEBUG:[guisanboot.ui.SanBootView]  ##### Selected Object on GUI: [ 0 ] root node on tree
2015-6-3 8:00:33 DEBUG:[guisanboot.MenuAndBtnCenterForMainUi] type ======> : 0
2015-6-3 8:00:33 DEBUG:[guisanboot.MenuAndBtnCenterForMainUi] level ======> : 0
2015-6-3 8:00:33 DEBUG:[guisanboot.MenuAndBtnCenterForMainUi] select level: 0
2015-6-3 8:00:33 DEBUG:[guisanboot.tool.UWSSockConnectManager] begin to check socket connections.............
2015-6-3 8:00:33 INFO:[guisanboot.data.ManageDB]  add audit log cmd: /usr/odybk/server/bin/idbmgr -audit -add  audit_user_id=1 audit_time=20150603080033 audit_clnt_id=0 audit_event_id=2  "audit_event_desc=Logon to system successfully."
2015-6-3 8:00:34 DEBUG:[guisanboot.data.AddCmdNetworkRunning] =====> 72
2015-6-3 8:00:34 INFO:[guisanboot.data.ManageDB]  add audit log retcode: 0
2015-6-3 8:00:34 INFO:[guisanboot.action.LoginAction] ########### End of login action. 
2015-6-3 8:00:45 DEBUG:[guisanboot.ui.SanBootView]  ##### Selected Object on GUI: [ 1 ] local swu manager
2015-6-3 8:00:45 DEBUG:[guisanboot.MenuAndBtnCenterForMainUi] type ======> : 1
2015-6-3 8:00:45 DEBUG:[guisanboot.MenuAndBtnCenterForMainUi] level ======> : 99
2015-6-3 8:00:45 DEBUG:[guisanboot.MenuAndBtnCenterForMainUi] select level: 99
2015-6-3 8:00:48 DEBUG:[guisanboot.ui.SanBootView]  ##### Selected Object on GUI: [ 3 ] chief host
2015-6-3 8:00:49 DEBUG:[guisanboot.ui.SanBootView]  ##### Selected Object on GUI: [ 3 ] chief host
2015-6-3 8:00:49 DEBUG:[guisanboot.MenuAndBtnCenterForMainUi] type ======> : 3
2015-6-3 8:00:49 DEBUG:[guisanboot.MenuAndBtnCenterForMainUi] level ======> : 1
2015-6-3 8:00:49 DEBUG:[guisanboot.MenuAndBtnCenterForMainUi] select level: 1
2015-6-3 8:00:50 DEBUG:[guisanboot.ui.SanBootView]  ##### Selected Object on GUI: [ 4 ] host
2015-6-3 8:00:50 DEBUG:[guisanboot.MenuAndBtnCenterForMainUi] type ======> : 4
2015-6-3 8:00:50 DEBUG:[guisanboot.MenuAndBtnCenterForMainUi] level ======> : 2
2015-6-3 8:00:50 DEBUG:[guisanboot.MenuAndBtnCenterForMainUi] select level: 2
2015-6-3 8:00:51 DEBUG:[guisanboot.ui.SanBootView]  ##### Selected Object on GUI: [ 4 ] host
2015-6-3 8:01:11 DEBUG:[guisanboot.ui.SanBootView]  ##### Selected Object on GUI: [ 39 ] chief scheduler
2015-6-3 8:01:11 DEBUG:[guisanboot.MenuAndBtnCenterForMainUi] type ======> : 39
2015-6-3 8:01:11 DEBUG:[guisanboot.MenuAndBtnCenterForMainUi] level ======> : 29
2015-6-3 8:01:11 DEBUG:[guisanboot.MenuAndBtnCenterForMainUi] select level: 29
2015-6-3 8:01:12 DEBUG:[guisanboot.ui.SanBootView]  ##### Selected Object on GUI: [ 39 ] chief scheduler
2015-6-3 8:01:15 DEBUG:[guisanboot.ui.SanBootView]  ##### Selected Object on GUI: [ 39 ] chief scheduler
2015-6-3 8:01:16 INFO:[guisanboot.action.AddSchAction] ########### Entering add scheduler action. 
2015-6-3 8:01:33 DEBUG:[guisanboot.tool.UWSSockConnectManager] begin to check socket connections.............
2015-6-3 8:01:39 DEBUG:[guisanboot.ui.SanBootView]  ##### Selected Object on GUI: [ 4 ] host
2015-6-3 8:01:41 DEBUG:[guisanboot.ui.SanBootView]  ##### Selected Object on GUI: [ 37 ] chief profile
2015-6-3 8:01:42 INFO:[guisanboot.action.AddProfAction] ########### Entering add lp-profile action. 
2015-6-3 8:01:42 INFO:[guisanboot.action.AddProfAction]  host uuid: c87084f3-b816-41ec-984f-8047be82484f
2015-6-3 8:01:42 WARNING:[guisanboot.action.AddProfAction]  no d2d client for boot host uwstest1
2015-6-3 8:01:42 INFO:[guisanboot.data.ManageDB]  add clnt cmd: /usr/odybk/server/bin/dbmgr -clnt -add  clnt_name=uwstest1 clnt_ip=192.168.1.118 clnt_machine=x86 clnt_port=5000 clnt_os=WinXP clnt_status=active clnt_uuid=c87084f3-b816-41ec-984f-8047be82484f clnt_account_id=-1
2015-6-3 8:01:43 DEBUG:[guisanboot.data.AddCmdNetworkRunning] =====> 2
2015-6-3 8:01:43 INFO:[guisanboot.data.ManageDB]  add clnt retcode: 0
2015-6-3 8:01:43 INFO:[guisanboot.data.GetWindir]  get windir cmd: /usr/odybk/server/bin/ibootcmd  192.168.1.118 5000 ib_get_win_dir.exe
2015-6-3 8:01:47 INFO:[guisanboot.data.GetWindir]  get windir cmd retcode: 255
2015-6-3 8:01:47 ERROR:[guisanboot.data.GetWindir]  get windir cmd errmsg: ERROR:Can't connect the agent

2015-6-3 8:01:47 INFO:[guisanboot.action.AddProfAction] windir: 
2015-6-3 8:02:33 DEBUG:[guisanboot.tool.UWSSockConnectManager] begin to check socket connections.............
2015-6-3 8:03:03 INFO:[guisanboot.action.AddProfAction] ########### End of add profile action. 
2015-6-3 8:03:05 DEBUG:[guisanboot.ui.SanBootView]  ##### Selected Object on GUI: [ 37 ] chief profile
2015-6-3 8:03:06 INFO:[guisanboot.action.AddProfAction] ########### Entering add lp-profile action. 
2015-6-3 8:03:06 INFO:[guisanboot.action.AddProfAction]  host uuid: c87084f3-b816-41ec-984f-8047be82484f
2015-6-3 8:03:06 INFO:[guisanboot.data.GetWindir]  get windir cmd: /usr/odybk/server/bin/ibootcmd  192.168.1.118 5000 ib_get_win_dir.exe
2015-6-3 8:03:10 INFO:[guisanboot.data.GetWindir]  get windir cmd retcode: 255
2015-6-3 8:03:10 ERROR:[guisanboot.data.GetWindir]  get windir cmd errmsg: ERROR:Can't connect the agent

2015-6-3 8:03:10 INFO:[guisanboot.action.AddProfAction] windir: 
2015-6-3 8:03:33 DEBUG:[guisanboot.tool.UWSSockConnectManager] begin to check socket connections.............
2015-6-3 8:04:10 INFO:[guisanboot.action.AddProfAction] ########### End of add profile action. 
2015-6-3 8:04:12 DEBUG:[guisanboot.ui.SanBootView]  ##### Selected Object on GUI: [ 37 ] chief profile
2015-6-3 8:04:13 INFO:[guisanboot.action.AddProfAction] ########### Entering add lp-profile action. 
2015-6-3 8:04:33 DEBUG:[guisanboot.tool.UWSSockConnectManager] begin to check socket connections.............
2015-6-3 8:05:31 INFO:[guisanboot.action.AddProfAction]  host uuid: c87084f3-b816-41ec-984f-8047be82484f
2015-6-3 8:05:31 INFO:[guisanboot.data.GetWindir]  get windir cmd: /usr/odybk/server/bin/ibootcmd  192.168.1.118 5000 ib_get_win_dir.exe
2015-6-3 8:05:33 DEBUG:[guisanboot.tool.UWSSockConnectManager] begin to check socket connections.............
2015-6-3 8:05:35 INFO:[guisanboot.data.GetWindir]  get windir cmd retcode: 255
2015-6-3 8:05:35 ERROR:[guisanboot.data.GetWindir]  get windir cmd errmsg: ERROR:Can't connect the agent

2015-6-3 8:05:35 INFO:[guisanboot.action.AddProfAction] windir: 
2015-6-3 8:05:39 INFO:[guisanboot.datadup.cmd.GetFileList] get file cmd: /usr/odybk/server/bin/listdir 2 "/"
2015-6-3 8:05:55 INFO:[guisanboot.action.AddProfAction] ########### End of add profile action. 
2015-6-3 8:06:33 DEBUG:[guisanboot.tool.UWSSockConnectManager] begin to check socket connections.............
2015-6-3 8:07:00 DEBUG:[guisanboot.ui.SanBootView]  ##### Selected Object on GUI: [ 37 ] chief profile
2015-6-3 8:07:00 DEBUG:[guisanboot.MenuAndBtnCenterForMainUi] type ======> : 37
2015-6-3 8:07:00 DEBUG:[guisanboot.MenuAndBtnCenterForMainUi] level ======> : 27
2015-6-3 8:07:00 DEBUG:[guisanboot.MenuAndBtnCenterForMainUi] select level: 27
2015-6-3 8:07:01 DEBUG:[guisanboot.ui.SanBootView]  ##### Selected Object on GUI: [ 37 ] chief profile
2015-6-3 8:07:02 INFO:[guisanboot.action.AddProfAction] ########### Entering add lp-profile action. 
2015-6-3 8:07:06 INFO:[guisanboot.action.AddProfAction]  host uuid: c87084f3-b816-41ec-984f-8047be82484f
2015-6-3 8:07:06 INFO:[guisanboot.data.GetWindir]  get windir cmd: /usr/odybk/server/bin/ibootcmd  192.168.1.118 5000 ib_get_win_dir.exe
2015-6-3 8:07:08 DEBUG:[guisanboot.data.GetWindir] ========> C:\WINDOWS
2015-6-3 8:07:08 INFO:[guisanboot.data.GetWindir]  get windir cmd retcode: 0
2015-6-3 8:07:08 INFO:[guisanboot.action.AddProfAction] windir: WINDOWS
2015-6-3 8:07:13 INFO:[guisanboot.datadup.cmd.GetFileList] get file cmd: /usr/odybk/server/bin/listdir 2 "/"
2015-6-3 8:07:14 DEBUG:[guisanboot.datadup.cmd.GetFileList] =====> A:/
2015-6-3 8:07:14 DEBUG:[guisanboot.datadup.cmd.GetFileList]  fileStr: /A:
2015-6-3 8:07:14 DEBUG:[guisanboot.datadup.cmd.GetFileList] =====> C:/
2015-6-3 8:07:14 DEBUG:[guisanboot.datadup.cmd.GetFileList]  fileStr: /C:
2015-6-3 8:07:14 DEBUG:[guisanboot.datadup.cmd.GetFileList] =====> D:/
2015-6-3 8:07:14 DEBUG:[guisanboot.datadup.cmd.GetFileList]  fileStr: /D:
2015-6-3 8:07:14 DEBUG:[guisanboot.datadup.cmd.GetFileList] =====> E:/
2015-6-3 8:07:14 DEBUG:[guisanboot.datadup.cmd.GetFileList]  fileStr: /E:
2015-6-3 8:07:14 DEBUG:[guisanboot.datadup.cmd.GetFileList] =====> Y:/
2015-6-3 8:07:14 DEBUG:[guisanboot.datadup.cmd.GetFileList]  fileStr: /Y:
2015-6-3 8:07:14 DEBUG:[guisanboot.datadup.cmd.GetFileList] =====> Z:/
2015-6-3 8:07:14 DEBUG:[guisanboot.datadup.cmd.GetFileList]  fileStr: /Z:
2015-6-3 8:07:33 DEBUG:[guisanboot.tool.UWSSockConnectManager] begin to check socket connections.............
2015-6-3 8:07:41 DEBUG:[guisanboot.datadup.ui.SelectBakedFileDialog] bak clnt os: WinXP
2015-6-3 8:07:41 DEBUG:[guisanboot.datadup.ui.SelectBakedFileDialog] Selected file(add file): /D:/
2015-6-3 8:08:33 DEBUG:[guisanboot.tool.UWSSockConnectManager] begin to check socket connections.............
2015-6-3 8:09:33 DEBUG:[guisanboot.tool.UWSSockConnectManager] begin to check socket connections.............
2015-6-3 8:09:58 INFO:[guisanboot.data.GetTargetServerName]  get target server name cmd: hostname
2015-6-3 8:09:59 DEBUG:[guisanboot.data.GetTargetServerName] ========> bzh
2015-6-3 8:09:59 INFO:[guisanboot.data.GetTargetServerName]  get target server name cmd retcode: 0
2015-6-3 8:09:59 INFO:[guisanboot.data.ManageDB]  send this file to server: tmp7602153586030568514bkobj
2015-6-3 8:09:59 INFO:[guisanboot.data.ManageDB]  send file to server retcode: 0
2015-6-3 8:09:59 INFO:[guisanboot.data.ManageDB] add bakobj cmd: /usr/odybk/server/bin/dbmgr -bobj -add filename=/usr/odybk/server/tmp/tmp7602153586030568514bkobj
2015-6-3 8:10:00 DEBUG:[guisanboot.data.AddCmdNetworkRunning] =====> 2
2015-6-3 8:10:00 INFO:[guisanboot.data.ManageDB] add bakobj cmd retcode: 0
2015-6-3 8:10:00 DEBUG:[guisanboot.datadup.ui.EditProfileDialog]  mp size:1
2015-6-3 8:10:00 DEBUG:[guisanboot.datadup.ui.EditProfileDialog]  =====>: D:\
2015-6-3 8:10:00 ERROR:[guisanboot.datadup.ui.EditProfileDialog] 
LV is null in MDB: D:\
2015-6-3 8:10:05 INFO:[guisanboot.data.ManageDB]  del bakobj cmd: /usr/odybk/server/bin/delete_bkobj 2
2015-6-3 8:10:06 INFO:[guisanboot.data.ManageDB]  del bakobj cmd retcode: 0
2015-6-3 8:10:08 INFO:[guisanboot.action.AddProfAction] ########### End of add profile action. 
2015-6-3 8:10:10 DEBUG:[guisanboot.ui.SanBootView]  ##### Selected Object on GUI: [ 37 ] chief profile
2015-6-3 8:10:11 DEBUG:[guisanboot.ui.SanBootView]  ##### Selected Object on GUI: [ 3 ] chief host
2015-6-3 8:10:11 DEBUG:[guisanboot.MenuAndBtnCenterForMainUi] type ======> : 3
2015-6-3 8:10:11 DEBUG:[guisanboot.MenuAndBtnCenterForMainUi] level ======> : 1
2015-6-3 8:10:11 DEBUG:[guisanboot.MenuAndBtnCenterForMainUi] select level: 1
2015-6-3 8:10:16 DEBUG:[guisanboot.ui.SanBootView]  ##### Selected Object on GUI: [ 5 ] chief host volume
2015-6-3 8:10:18 DEBUG:[guisanboot.ui.SanBootView]  ##### Selected Object on GUI: [ 4 ] host
2015-6-3 8:10:20 DEBUG:[guisanboot.ui.SanBootView]  ##### Selected Object on GUI: [ 37 ] chief profile
2015-6-3 8:10:22 INFO:[guisanboot.action.AddProfAction] ########### Entering add lp-profile action. 
2015-6-3 8:10:30 INFO:[guisanboot.action.AddProfAction]  host uuid: c87084f3-b816-41ec-984f-8047be82484f
2015-6-3 8:10:30 INFO:[guisanboot.data.GetWindir]  get windir cmd: /usr/odybk/server/bin/ibootcmd  192.168.1.118 5000 ib_get_win_dir.exe
2015-6-3 8:10:31 DEBUG:[guisanboot.data.GetWindir] ========> C:\WINDOWS
2015-6-3 8:10:31 INFO:[guisanboot.data.GetWindir]  get windir cmd retcode: 0
2015-6-3 8:10:31 INFO:[guisanboot.action.AddProfAction] windir: WINDOWS
2015-6-3 8:10:33 DEBUG:[guisanboot.tool.UWSSockConnectManager] begin to check socket connections.............
2015-6-3 8:10:34 INFO:[guisanboot.datadup.cmd.GetFileList] get file cmd: /usr/odybk/server/bin/listdir 2 "/"
2015-6-3 8:10:35 DEBUG:[guisanboot.datadup.cmd.GetFileList] =====> A:/
2015-6-3 8:10:35 DEBUG:[guisanboot.datadup.cmd.GetFileList]  fileStr: /A:
2015-6-3 8:10:35 DEBUG:[guisanboot.datadup.cmd.GetFileList] =====> C:/
2015-6-3 8:10:35 DEBUG:[guisanboot.datadup.cmd.GetFileList]  fileStr: /C:
2015-6-3 8:10:35 DEBUG:[guisanboot.datadup.cmd.GetFileList] =====> D:/
2015-6-3 8:10:35 DEBUG:[guisanboot.datadup.cmd.GetFileList]  fileStr: /D:
2015-6-3 8:10:35 DEBUG:[guisanboot.datadup.cmd.GetFileList] =====> E:/
2015-6-3 8:10:35 DEBUG:[guisanboot.datadup.cmd.GetFileList]  fileStr: /E:
2015-6-3 8:10:35 DEBUG:[guisanboot.datadup.cmd.GetFileList] =====> Y:/
2015-6-3 8:10:35 DEBUG:[guisanboot.datadup.cmd.GetFileList]  fileStr: /Y:
2015-6-3 8:10:35 DEBUG:[guisanboot.datadup.cmd.GetFileList] =====> Z:/
2015-6-3 8:10:35 DEBUG:[guisanboot.datadup.cmd.GetFileList]  fileStr: /Z:
2015-6-3 8:10:38 DEBUG:[guisanboot.datadup.ui.SelectBakedFileDialog] bak clnt os: WinXP
2015-6-3 8:10:38 DEBUG:[guisanboot.datadup.ui.SelectBakedFileDialog] Selected file(add file): /E:/
2015-6-3 8:10:43 INFO:[guisanboot.data.GetTargetServerName]  get target server name cmd: hostname
2015-6-3 8:10:44 DEBUG:[guisanboot.data.GetTargetServerName] ========> bzh
2015-6-3 8:10:44 INFO:[guisanboot.data.GetTargetServerName]  get target server name cmd retcode: 0
2015-6-3 8:10:44 INFO:[guisanboot.data.ManageDB]  send this file to server: tmp6623706781035281136bkobj
2015-6-3 8:10:44 INFO:[guisanboot.data.ManageDB]  send file to server retcode: 0
2015-6-3 8:10:44 INFO:[guisanboot.data.ManageDB] add bakobj cmd: /usr/odybk/server/bin/dbmgr -bobj -add filename=/usr/odybk/server/tmp/tmp6623706781035281136bkobj
2015-6-3 8:10:45 DEBUG:[guisanboot.data.AddCmdNetworkRunning] =====> 3
2015-6-3 8:10:45 INFO:[guisanboot.data.ManageDB] add bakobj cmd retcode: 0
2015-6-3 8:10:45 DEBUG:[guisanboot.datadup.ui.EditProfileDialog]  mp size:1
2015-6-3 8:10:45 DEBUG:[guisanboot.datadup.ui.EditProfileDialog]  =====>: E:\
2015-6-3 8:10:47 DEBUG:[guisanboot.datadup.ui.EditProfileDialog]  mp size:1
2015-6-3 8:10:47 DEBUG:[guisanboot.datadup.ui.EditProfileDialog]  =====>: E:\
2015-6-3 8:10:49 DEBUG:[guisanboot.datadup.ui.EditProfileDialog] iboot aft cmd: iboot_af_cmd=

2015-6-3 8:10:51 DEBUG:[guisanboot.datadup.ui.EditProfileDialog]  mp size:1
2015-6-3 8:10:51 DEBUG:[guisanboot.datadup.ui.EditProfileDialog]  =====>: E:\
2015-6-3 8:11:05 INFO:[guisanboot.data.ManageDB]  send this file to server: tmp4175726723106447720prof
2015-6-3 8:11:05 INFO:[guisanboot.data.ManageDB]  send file to server retcode: 0
2015-6-3 8:11:05 INFO:[guisanboot.data.ManageDB]  mv cmd: mv /usr/odybk/server/tmp/tmp4175726723106447720prof /usr/odybk/server/profile/3-2015-06-03-08-10-51.prf
2015-6-3 8:11:06 INFO:[guisanboot.data.ManageDB]  mv cmd retcode: 0
2015-6-3 8:11:06 DEBUG:[guisanboot.datadup.ui.EditProfileDialog] found  chief profile on host: uwstest1
2015-6-3 8:11:06 DEBUG:[guisanboot.MenuAndBtnCenterForMainUi] type ======> : 37
2015-6-3 8:11:06 DEBUG:[guisanboot.MenuAndBtnCenterForMainUi] level ======> : 27
2015-6-3 8:11:06 DEBUG:[guisanboot.MenuAndBtnCenterForMainUi] select level: 27
2015-6-3 8:11:06 INFO:[guisanboot.action.AddProfAction] ########### End of add profile action. 
2015-6-3 8:11:11 DEBUG:[guisanboot.ui.SanBootView]  ##### Selected Object on GUI: [ 37 ] chief profile
2015-6-3 8:11:11 DEBUG:[guisanboot.MenuAndBtnCenterForMainUi] type ======> : 37
2015-6-3 8:11:11 DEBUG:[guisanboot.MenuAndBtnCenterForMainUi] level ======> : 27
2015-6-3 8:11:11 DEBUG:[guisanboot.MenuAndBtnCenterForMainUi] select level: 27
2015-6-3 8:11:11 DEBUG:[guisanboot.ui.SanBootView]  ##### Selected Object on GUI: [ 37 ] chief profile
2015-6-3 8:11:33 DEBUG:[guisanboot.tool.UWSSockConnectManager] begin to check socket connections.............
2015-6-3 8:11:35 DEBUG:[guisanboot.ui.SanBootView]  ##### Selected Object on GUI: [ 37 ] chief profile
2015-6-3 8:11:47 DEBUG:[guisanboot.ui.SanBootView]  ##### Selected Object on GUI: [ 37 ] chief profile
2015-6-3 8:11:48 INFO:[guisanboot.action.AddProfAction] ########### Entering add lp-profile action. 
2015-6-3 8:12:33 DEBUG:[guisanboot.tool.UWSSockConnectManager] begin to check socket connections.............
2015-6-3 8:13:33 DEBUG:[guisanboot.tool.UWSSockConnectManager] begin to check socket connections.............
2015-6-3 8:14:33 DEBUG:[guisanboot.tool.UWSSockConnectManager] begin to check socket connections.............
2015-6-3 8:15:33 DEBUG:[guisanboot.tool.UWSSockConnectManager] begin to check socket connections.............
2015-6-3 8:16:33 DEBUG:[guisanboot.tool.UWSSockConnectManager] begin to check socket connections.............
2015-6-3 8:17:33 DEBUG:[guisanboot.tool.UWSSockConnectManager] begin to check socket connections.............
2015-6-3 8:18:33 DEBUG:[guisanboot.tool.UWSSockConnectManager] begin to check socket connections.............
2015-6-3 8:19:33 DEBUG:[guisanboot.tool.UWSSockConnectManager] begin to check socket connections.............
2015-6-3 8:20:33 DEBUG:[guisanboot.tool.UWSSockConnectManager] begin to check socket connections.............
2015-6-3 8:21:33 DEBUG:[guisanboot.tool.UWSSockConnectManager] begin to check socket connections.............
2015-6-3 8:22:33 DEBUG:[guisanboot.tool.UWSSockConnectManager] begin to check socket connections.............
2015-6-3 8:23:33 DEBUG:[guisanboot.tool.UWSSockConnectManager] begin to check socket connections.............
2015-6-3 8:24:33 DEBUG:[guisanboot.tool.UWSSockConnectManager] begin to check socket connections.............
2015-6-3 8:25:33 DEBUG:[guisanboot.tool.UWSSockConnectManager] begin to check socket connections.............
2015-6-3 8:26:33 DEBUG:[guisanboot.tool.UWSSockConnectManager] begin to check socket connections.............
2015-6-3 8:27:33 DEBUG:[guisanboot.tool.UWSSockConnectManager] begin to check socket connections.............
2015-6-3 8:28:33 DEBUG:[guisanboot.tool.UWSSockConnectManager] begin to check socket connections.............
2015-6-3 8:29:33 DEBUG:[guisanboot.tool.UWSSockConnectManager] begin to check socket connections.............
2015-6-3 8:30:33 DEBUG:[guisanboot.tool.UWSSockConnectManager] begin to check socket connections.............
2015-6-3 8:31:33 DEBUG:[guisanboot.tool.UWSSockConnectManager] begin to check socket connections.............
2015-6-3 8:32:33 DEBUG:[guisanboot.tool.UWSSockConnectManager] begin to check socket connections.............
2015-6-3 8:33:33 DEBUG:[guisanboot.tool.UWSSockConnectManager] begin to check socket connections.............
2015-6-3 8:34:33 DEBUG:[guisanboot.tool.UWSSockConnectManager] begin to check socket connections.............
2015-6-3 8:35:33 DEBUG:[guisanboot.tool.UWSSockConnectManager] begin to check socket connections.............
2015-6-3 8:36:33 DEBUG:[guisanboot.tool.UWSSockConnectManager] begin to check socket connections.............
2015-6-3 8:37:33 DEBUG:[guisanboot.tool.UWSSockConnectManager] begin to check socket connections.............
2015-6-3 8:38:33 DEBUG:[guisanboot.tool.UWSSockConnectManager] begin to check socket connections.............
2015-6-3 8:39:33 DEBUG:[guisanboot.tool.UWSSockConnectManager] begin to check socket connections.............
2015-6-3 8:40:33 DEBUG:[guisanboot.tool.UWSSockConnectManager] begin to check socket connections.............
2015-6-3 8:41:33 DEBUG:[guisanboot.tool.UWSSockConnectManager] begin to check socket connections.............
2015-6-3 8:42:33 DEBUG:[guisanboot.tool.UWSSockConnectManager] begin to check socket connections.............
2015-6-3 8:43:33 DEBUG:[guisanboot.tool.UWSSockConnectManager] begin to check socket connections.............
2015-6-3 8:44:33 DEBUG:[guisanboot.tool.UWSSockConnectManager] begin to check socket connections.............
2015-6-3 8:45:33 DEBUG:[guisanboot.tool.UWSSockConnectManager] begin to check socket connections.............
2015-6-3 8:46:33 DEBUG:[guisanboot.tool.UWSSockConnectManager] begin to check socket connections.............
2015-6-3 8:47:33 DEBUG:[guisanboot.tool.UWSSockConnectManager] begin to check socket connections.............
2015-6-3 8:48:33 DEBUG:[guisanboot.tool.UWSSockConnectManager] begin to check socket connections.............
2015-6-3 8:49:33 DEBUG:[guisanboot.tool.UWSSockConnectManager] begin to check socket connections.............
2015-6-3 8:50:33 DEBUG:[guisanboot.tool.UWSSockConnectManager] begin to check socket connections.............
2015-6-3 8:51:33 DEBUG:[guisanboot.tool.UWSSockConnectManager] begin to check socket connections.............
2015-6-3 8:51:51 INFO:[guisanboot.action.AddProfAction]  host uuid: c87084f3-b816-41ec-984f-8047be82484f
2015-6-3 8:51:51 INFO:[guisanboot.data.GetWindir]  get windir cmd: /usr/odybk/server/bin/ibootcmd  192.168.1.118 5000 ib_get_win_dir.exe
2015-6-3 8:51:53 DEBUG:[guisanboot.data.GetWindir] ========> C:\WINDOWS
2015-6-3 8:51:53 INFO:[guisanboot.data.GetWindir]  get windir cmd retcode: 0
2015-6-3 8:51:53 INFO:[guisanboot.action.AddProfAction] windir: WINDOWS
2015-6-3 8:51:55 INFO:[guisanboot.action.AddProfAction] ########### End of add profile action. 
