2015-6-1 12:59:23 INFO:[guisanboot.ui.SanBootView] UWS ¹ÜÀíÆ÷ 6.2.0 °æ buildtime:   Log Level: 1
2015-6-1 12:59:23 INFO:[guisanboot.ui.SanBootView] Restore mirror type: 2
2015-6-1 12:59:23 INFO:[guisanboot.ui.SanBootView] global high delta: 20
2015-6-1 12:59:23 INFO:[guisanboot.ui.SanBootView] global width delta: 20
2015-6-1 12:59:38 INFO:[guisanboot.action.LoginAction] ########### Entering login action. 
2015-6-1 12:59:43 INFO:[guisanboot.data.ManageDB] begin to login server.
2015-6-1 12:59:43 INFO:[guisanboot.data.ManageDB] login server successfully.
2015-6-1 12:59:43 INFO:[guisanboot.data.GetConfigFile]  get config file cmd: cat /etc/odybk.conf
2015-6-1 12:59:44 DEBUG:[guisanboot.data.GetConfigFile] ========> INSTALL_PATH=/usr/odybk
2015-6-1 12:59:44 DEBUG:[guisanboot.data.GetConfigFile] ========> SNAPDB=/usr/odybk/vsnap/db/snapdb
2015-6-1 12:59:44 DEBUG:[guisanboot.data.GetConfigFile] ========> VIBOOTDB=/usr/odybk/vsnap/vidb/ibootdb
2015-6-1 12:59:44 DEBUG:[guisanboot.data.GetConfigFile] ========> UIBOOTDB=/usr/odybk/vsnap/uidb/ibootdb
2015-6-1 12:59:44 DEBUG:[guisanboot.data.GetConfigFile] ========> SNAPPATH=/usr/odybk/vsnap
2015-6-1 12:59:44 DEBUG:[guisanboot.data.GetConfigFile] ========> SYNC_INSTALL_PATH=/usr/odysync
2015-6-1 12:59:44 DEBUG:[guisanboot.data.GetConfigFile] ========> SYNCDB=/usr/odysync/db/Odysyncdb
2015-6-1 12:59:44 DEBUG:[guisanboot.data.GetConfigFile] ========> ODBROOT=/usr/odybk/server/db/OdyBkinfo
2015-6-1 12:59:44 DEBUG:[guisanboot.data.GetConfigFile] ========> D2DODBROOT=/usr/odybk/d2dserver/db/d2dOdyBkinfo
2015-6-1 12:59:44 DEBUG:[guisanboot.data.GetConfigFile] ========> compress_cmd=/usr/bin/bzip2
2015-6-1 12:59:44 DEBUG:[guisanboot.data.GetConfigFile] ========> compress_suffix=bz2
2015-6-1 12:59:44 DEBUG:[guisanboot.data.GetConfigFile] ========> compress_days=7
2015-6-1 12:59:44 DEBUG:[guisanboot.data.GetConfigFile] ========> admin_email=root
2015-6-1 12:59:44 DEBUG:[guisanboot.data.GetConfigFile] ========> task_expired=60
2015-6-1 12:59:44 DEBUG:[guisanboot.data.GetConfigFile] ========> MAX_BACKUP_LEVEL=6
2015-6-1 12:59:44 DEBUG:[guisanboot.data.GetConfigFile] ========> MSPORT=6020
2015-6-1 12:59:44 DEBUG:[guisanboot.data.GetConfigFile] ========> MSDB=/usr/odybk/d2dserver/db/msdb
2015-6-1 12:59:44 DEBUG:[guisanboot.data.GetConfigFile] ========> IBOOTDB=/usr/odybk/server/db/ibootdb
2015-6-1 12:59:44 DEBUG:[guisanboot.data.GetConfigFile] ========> DEBUG=1
2015-6-1 12:59:44 INFO:[guisanboot.data.GetConfigFile]  get config file retcode: 0
2015-6-1 12:59:44 INFO:[guisanboot.data.GetDhcpConfig]  get dhcp config cmd: cat /usr/odybk/server/conf/dhcp.conf
2015-6-1 12:59:45 INFO:[guisanboot.data.GetDhcpConfig]  get dhcp config retcode: 0
2015-6-1 12:59:45 INFO:[guisanboot.data.GetBootHost]  get BootHost cmd: /usr/odybk/server/bin/idbmgr -clnt -prt all
2015-6-1 12:59:46 DEBUG:[guisanboot.data.GetBootHost] #####: Record:  1
2015-6-1 12:59:46 DEBUG:[guisanboot.data.GetBootHost] #####: clnt_id=2
2015-6-1 12:59:46 DEBUG:[guisanboot.data.GetBootHost] @@@@@: 2
2015-6-1 12:59:46 DEBUG:[guisanboot.data.GetBootHost] #####: clnt_name=uwstest1
2015-6-1 12:59:46 DEBUG:[guisanboot.data.GetBootHost] @@@@@: uwstest1
2015-6-1 12:59:46 DEBUG:[guisanboot.data.GetBootHost] #####: clnt_ip=192.168.1.118
2015-6-1 12:59:46 DEBUG:[guisanboot.data.GetBootHost] @@@@@: 192.168.1.118
2015-6-1 12:59:46 DEBUG:[guisanboot.data.GetBootHost] #####: clnt_machine=x86
2015-6-1 12:59:47 DEBUG:[guisanboot.data.GetBootHost] @@@@@: x86
2015-6-1 12:59:47 DEBUG:[guisanboot.data.GetBootHost] #####: clnt_port=5000
2015-6-1 12:59:47 DEBUG:[guisanboot.data.GetBootHost] @@@@@: 5000
2015-6-1 12:59:47 DEBUG:[guisanboot.data.GetBootHost] #####: clnt_os=WinXP
2015-6-1 12:59:47 DEBUG:[guisanboot.data.GetBootHost] @@@@@: WinXP
2015-6-1 12:59:47 DEBUG:[guisanboot.data.GetBootHost] #####: clnt_status=Online
2015-6-1 12:59:47 DEBUG:[guisanboot.data.GetBootHost] @@@@@: Online
2015-6-1 12:59:47 DEBUG:[guisanboot.data.GetBootHost] #####: clnt_conf=c87084f3-b816-41ec-984f-8047be82484f
2015-6-1 12:59:47 DEBUG:[guisanboot.data.GetBootHost] @@@@@: c87084f3-b816-41ec-984f-8047be82484f
2015-6-1 12:59:47 DEBUG:[guisanboot.data.GetBootHost] #####: clnt_inited_flag=1
2015-6-1 12:59:47 DEBUG:[guisanboot.data.GetBootHost] @@@@@: 1
2015-6-1 12:59:47 DEBUG:[guisanboot.data.GetBootHost] #####: clnt_auto_dr_flag=0
2015-6-1 12:59:47 DEBUG:[guisanboot.data.GetBootHost] @@@@@: 0
2015-6-1 12:59:47 DEBUG:[guisanboot.data.GetBootHost] #####: clnt_auto_reboot_flag=0
2015-6-1 12:59:47 DEBUG:[guisanboot.data.GetBootHost] @@@@@: 0
2015-6-1 12:59:47 DEBUG:[guisanboot.data.GetBootHost] #####: clnt_stop_base_service=1
2015-6-1 12:59:47 DEBUG:[guisanboot.data.GetBootHost] @@@@@: 1
2015-6-1 12:59:47 DEBUG:[guisanboot.data.GetBootHost] #####: clnt_mac_address=00-0C-29-7A-80-35
2015-6-1 12:59:47 DEBUG:[guisanboot.data.GetBootHost] @@@@@: 00-0C-29-7A-80-35
2015-6-1 12:59:47 DEBUG:[guisanboot.data.GetBootHost] #####: clnt_boot_mode=1
2015-6-1 12:59:47 DEBUG:[guisanboot.data.GetBootHost] @@@@@: 1
2015-6-1 12:59:47 DEBUG:[guisanboot.data.GetBootHost] #####: clnt_mode=0
2015-6-1 12:59:47 DEBUG:[guisanboot.data.GetBootHost] @@@@@: 0
2015-6-1 12:59:47 DEBUG:[guisanboot.data.GetBootHost] #####: clnt_portname=
2015-6-1 12:59:47 DEBUG:[guisanboot.data.GetBootHost] @@@@@: 
2015-6-1 12:59:47 DEBUG:[guisanboot.data.GetBootHost] #####: clnt_protect_type=1
2015-6-1 12:59:47 DEBUG:[guisanboot.data.GetBootHost] @@@@@: 1
2015-6-1 12:59:47 DEBUG:[guisanboot.data.GetBootHost] #####: clnt_auto_switch_disk=
2015-6-1 12:59:47 DEBUG:[guisanboot.data.GetBootHost] @@@@@: 
2015-6-1 12:59:47 DEBUG:[guisanboot.data.GetBootHost] #####: clnt_port1=5000
2015-6-1 12:59:47 DEBUG:[guisanboot.data.GetBootHost] @@@@@: 5000
2015-6-1 12:59:47 DEBUG:[guisanboot.data.GetBootHost] #####: clnt_cluster_id=0
2015-6-1 12:59:47 DEBUG:[guisanboot.data.GetBootHost] @@@@@: 0
2015-6-1 12:59:47 DEBUG:[guisanboot.data.GetBootHost] #####: clnt_d2d_cid=0
2015-6-1 12:59:47 DEBUG:[guisanboot.data.GetBootHost] @@@@@: 0
2015-6-1 12:59:47 DEBUG:[guisanboot.data.GetBootHost] #####: clnt_pri_ip=
2015-6-1 12:59:47 DEBUG:[guisanboot.data.GetBootHost] @@@@@: 
2015-6-1 12:59:47 DEBUG:[guisanboot.data.GetBootHost] #####: clnt_vip=
2015-6-1 12:59:47 DEBUG:[guisanboot.data.GetBootHost] @@@@@: 
2015-6-1 12:59:47 DEBUG:[guisanboot.data.GetBootHost] #####: clnt_opt=0
2015-6-1 12:59:47 DEBUG:[guisanboot.data.GetBootHost] @@@@@: 0
2015-6-1 12:59:47 INFO:[guisanboot.data.GetBootHost]  get BootHost retcode: 0
2015-6-1 12:59:47 INFO:[guisanboot.datadup.cmd.GetBakClient]  get bak clnt cmd: /usr/odybk/server/bin/dbmgr -clnt -prt all
2015-6-1 12:59:48 INFO:[guisanboot.datadup.cmd.GetBakClient]  get bak clnt cmd retcode: 0
2015-6-1 12:59:48 INFO:[guisanboot.data.GetVolumeMap]  get volmap list cmd: /usr/odybk/server/bin/idbmgr -vol -prt all
2015-6-1 12:59:49 DEBUG:[guisanboot.data.GetVolumeMap] (GetVolumeMap): Record:  1
2015-6-1 12:59:49 DEBUG:[guisanboot.data.GetVolumeMap] (GetVolumeMap): vol_name=E192.168.1.118
2015-6-1 12:59:49 DEBUG:[guisanboot.data.GetVolumeMap] (GetVolumeMap): vol_clntid=2
2015-6-1 12:59:49 DEBUG:[guisanboot.data.GetVolumeMap] (GetVolumeMap): vol_disklabel=E:\
2015-6-1 12:59:49 DEBUG:[guisanboot.data.GetVolumeMap] (GetVolumeMap): vol_target_id=32769
2015-6-1 12:59:49 DEBUG:[guisanboot.data.GetVolumeMap] (GetVolumeMap): vol_max_snap=4
2015-6-1 12:59:49 DEBUG:[guisanboot.data.GetVolumeMap] (GetVolumeMap): vol_desc=
2015-6-1 12:59:49 DEBUG:[guisanboot.data.GetVolumeMap] (GetVolumeMap): vol_mgid=
2015-6-1 12:59:49 DEBUG:[guisanboot.data.GetVolumeMap] (GetVolumeMap): vol_rootid=2
2015-6-1 12:59:49 DEBUG:[guisanboot.data.GetVolumeMap] (GetVolumeMap): vol_uuid=
2015-6-1 12:59:49 DEBUG:[guisanboot.data.GetVolumeMap] (GetVolumeMap): vol_current_localid=
2015-6-1 12:59:49 DEBUG:[guisanboot.data.GetVolumeMap] (GetVolumeMap): vol_info=
2015-6-1 12:59:49 DEBUG:[guisanboot.data.GetVolumeMap] (GetVolumeMap): vol_capacity=
2015-6-1 12:59:49 DEBUG:[guisanboot.data.GetVolumeMap] (GetVolumeMap): vol_view_targetid=
2015-6-1 12:59:49 DEBUG:[guisanboot.data.GetVolumeMap] (GetVolumeMap): crsnap_services=
2015-6-1 12:59:49 DEBUG:[guisanboot.data.GetVolumeMap] (GetVolumeMap): changever_services=
2015-6-1 12:59:49 DEBUG:[guisanboot.data.GetVolumeMap] (GetVolumeMap): database_instances=
2015-6-1 12:59:49 DEBUG:[guisanboot.data.GetVolumeMap] (GetVolumeMap): others=
2015-6-1 12:59:49 DEBUG:[guisanboot.data.GetVolumeMap] (GetVolumeMap): groupinfo=
2015-6-1 12:59:49 DEBUG:[guisanboot.data.GetVolumeMap] (GetVolumeMap): groupinfodetail=
2015-6-1 12:59:49 DEBUG:[guisanboot.data.GetVolumeMap] (GetVolumeMap): groupname=
2015-6-1 12:59:49 DEBUG:[guisanboot.data.GetVolumeMap] (GetVolumeMap): setversion=
2015-6-1 12:59:49 DEBUG:[guisanboot.data.GetVolumeMap] (GetVolumeMap): vol_last_sel_boot_version=
2015-6-1 12:59:49 DEBUG:[guisanboot.data.GetVolumeMap] (GetVolumeMap): vol_last_sel_boot_info=
2015-6-1 12:59:49 DEBUG:[guisanboot.data.GetVolumeMap] (GetVolumeMap): vol_lun=
2015-6-1 12:59:49 DEBUG:[guisanboot.data.GetVolumeMap] (GetVolumeMap): vol_permit=
2015-6-1 12:59:49 DEBUG:[guisanboot.data.GetVolumeMap] (GetVolumeMap): last_good_boot_disk_type=
2015-6-1 12:59:49 DEBUG:[guisanboot.data.GetVolumeMap] (GetVolumeMap): last_sel_boot_disk_type=
2015-6-1 12:59:49 DEBUG:[guisanboot.data.GetVolumeMap] (GetVolumeMap): vol_last_good_boot_info=
2015-6-1 12:59:49 DEBUG:[guisanboot.data.GetVolumeMap] (GetVolumeMap): rollback_orgi_volname=
2015-6-1 12:59:49 DEBUG:[guisanboot.data.GetVolumeMap] (GetVolumeMap): rollback_orgi_uws=
2015-6-1 12:59:49 DEBUG:[guisanboot.data.GetVolumeMap] (GetVolumeMap): vol_switch_last_sel_version=
2015-6-1 12:59:49 DEBUG:[guisanboot.data.GetVolumeMap] (GetVolumeMap): vol_switch_last_sel_info=
2015-6-1 12:59:49 DEBUG:[guisanboot.data.GetVolumeMap] (GetVolumeMap): vol_switch_last_sel_disk_type=
2015-6-1 12:59:49 DEBUG:[guisanboot.data.GetVolumeMap] (GetVolumeMap): vol_switch_last_good_version=
2015-6-1 12:59:49 DEBUG:[guisanboot.data.GetVolumeMap] (GetVolumeMap): vol_switch_last_good_info=
2015-6-1 12:59:49 DEBUG:[guisanboot.data.GetVolumeMap] (GetVolumeMap): vol_switch_last_good_disk_type=
2015-6-1 12:59:49 DEBUG:[guisanboot.data.GetVolumeMap] (GetVolumeMap): vol_protect_type=1
2015-6-1 12:59:49 DEBUG:[guisanboot.data.GetVolumeMap] (GetVolumeMap): vol_cluster_id=0
2015-6-1 12:59:49 DEBUG:[guisanboot.data.GetVolumeMap] (GetVolumeMap): vol_opt=0
2015-6-1 12:59:49 INFO:[guisanboot.data.GetVolumeMap]  get volmap list retcode: 0
2015-6-1 12:59:49 INFO:[guisanboot.cluster.cmd.GetCluster]  get cluster cmd: /usr/odybk/server/bin/idbmgr -cluster -prt all
2015-6-1 12:59:50 INFO:[guisanboot.cluster.cmd.GetCluster]  get cluster retcode: 0
2015-6-1 12:59:50 INFO:[guisanboot.data.GetIbootObjList]  get iboot list cmd: shell iboot list
2015-6-1 12:59:51 DEBUG:[guisanboot.data.GetIbootObjList] ========> ibenc table:
2015-6-1 12:59:51 DEBUG:[guisanboot.data.GetIbootObjList] ========> --------------------
2015-6-1 12:59:51 DEBUG:[guisanboot.data.GetIbootObjList] ========> #MAC_Address Ena Host_IP         Host_Name        Portal_IP       PPort Options  RAMs UNDIs UserName             Password             Initiator_Name Target_Name Living_Days
2015-6-1 12:59:51 DEBUG:[guisanboot.data.GetIbootObjList] ========> --------------------
2015-6-1 12:59:51 INFO:[guisanboot.data.GetIbootObjList]  get iboot list cmd retcode: 0
2015-6-1 12:59:51 INFO:[guisanboot.data.GetServMap]  get servicemap cmd: /usr/odybk/server/bin/idbmgr -serv -prt all
2015-6-1 12:59:52 INFO:[guisanboot.data.GetServMap]  get servicemap retcode: 0
2015-6-1 12:59:52 INFO:[guisanboot.data.GetBackupUser]  get bak user cmd: /usr/odybk/server/bin/dbmgr -acct -prt all
2015-6-1 12:59:53 DEBUG:[guisanboot.data.GetBackupUser]  ======> Record:  1
2015-6-1 12:59:53 DEBUG:[guisanboot.data.GetBackupUser]  ======> account_id=1
2015-6-1 12:59:53 DEBUG:[guisanboot.data.GetBackupUser]  ======> account_name=admin
2015-6-1 12:59:53 DEBUG:[guisanboot.data.GetBackupUser]  ======> account_pass=admin
2015-6-1 12:59:53 DEBUG:[guisanboot.data.GetBackupUser]  ======> account_priv=1
2015-6-1 12:59:53 DEBUG:[guisanboot.data.GetBackupUser]  ======> account_dev_list=
2015-6-1 12:59:53 INFO:[guisanboot.data.GetBackupUser]  get bak user cmd retcode: 0
2015-6-1 12:59:53 INFO:[guisanboot.data.GetPool]  getpool cmd: /usr/odybk/vsnap/vdbmgr -pool -prt all
2015-6-1 12:59:54 DEBUG:[guisanboot.data.GetPool] ========> Record:  1
2015-6-1 12:59:54 DEBUG:[guisanboot.data.GetPool] ========> pool_id=1
2015-6-1 12:59:54 DEBUG:[guisanboot.data.GetPool] ========> pool_name=bzh
2015-6-1 12:59:54 DEBUG:[guisanboot.data.GetPool] ========> pool_path=/mnt/ResVol0
2015-6-1 12:59:54 DEBUG:[guisanboot.data.GetPool] ========> pool_vol_name=/dev/evms/ResVol0
2015-6-1 12:59:54 DEBUG:[guisanboot.data.GetPool] ========> pool_passwd=admin
2015-6-1 12:59:54 DEBUG:[guisanboot.data.GetPool] ========> pool_flag=1
2015-6-1 12:59:54 DEBUG:[guisanboot.data.GetPool] ========> pool_melt_move_data=0
2015-6-1 12:59:54 DEBUG:[guisanboot.data.GetPool] ========> pool_type=0
2015-6-1 12:59:54 INFO:[guisanboot.data.GetPool]  getpool retcode: 0
2015-6-1 12:59:54 INFO:[guisanboot.data.GetUWSrvNode]  get SWU server cmd: /usr/odybk/vsnap/vdbmgr -uws -prt all
2015-6-1 12:59:55 INFO:[guisanboot.data.GetUWSrvNode]  get SWU server retcode: 0
2015-6-1 12:59:55 INFO:[guisanboot.data.GetSrcAgnt]  get src_agent cmd: /usr/odybk/server/bin/idbmgr -srcagnt -prt all
2015-6-1 12:59:57 INFO:[guisanboot.data.GetSrcAgnt]  get src_agent retcode: 0
2015-6-1 12:59:57 INFO:[guisanboot.data.GetMGList]  get mg cmd: /usr/odybk/vsnap/vdbmgr -mg -prt all
2015-6-1 12:59:58 INFO:[guisanboot.data.GetMGList]  get mg retcode: 0
2015-6-1 12:59:58 INFO:[guisanboot.data.GetMJList]  get mj cmd: /usr/odybk/vsnap/vdbmgr -mj -prt all
2015-6-1 12:59:59 INFO:[guisanboot.data.GetMJList]  get mj retcode: 0
2015-6-1 12:59:59 INFO:[guisanboot.remotemirror.cmd.GetMJScheduler]  get mj-sch list cmd:/usr/odybk/vsnap/vdbmgr -scheduler -prt all
2015-6-1 13:00:00 INFO:[guisanboot.remotemirror.cmd.GetMJScheduler]  get mj-sch list cmd retcode:0
2015-6-1 13:00:00 INFO:[guisanboot.data.GetNetBootedHost]  get netbooted-host cmd: /usr/odybk/server/bin/idbmgr -dstagnt -prt all
2015-6-1 13:00:01 INFO:[guisanboot.data.GetNetBootedHost]  get netbooted-host retcode: 0
2015-6-1 13:00:01 INFO:[guisanboot.data.GetMirrorSnapusage]  get mirror_snap_usage cmd: /usr/odybk/server/bin/idbmgr -snapusage -prt all
2015-6-1 13:00:02 INFO:[guisanboot.data.GetMirrorSnapusage]  get mirror_snap_usage retcode: 0
2015-6-1 13:00:02 INFO:[guisanboot.data.GetMirrorDiskInfo]  get mirror_disk_info cmd: /usr/odybk/server/bin/idbmgr -diskinfo -prt all
2015-6-1 13:00:03 INFO:[guisanboot.data.GetMirrorDiskInfo]  get mirror_disk_info retcode: 0
2015-6-1 13:00:03 INFO:[guisanboot.cmdp.service.GetDriveGroup]  get drivegroup cmd: /usr/odybk/server/bin/phydup_hash.sh uws_drivesgroup_getall
2015-6-1 13:00:05 INFO:[guisanboot.cmdp.service.GetDriveGroup]  get drivegroup retcode: 0
2015-6-1 13:00:05 INFO:[guisanboot.datadup.cmd.ListProfile]  list profile cmd: /usr/odybk/server/bin/listprofile
2015-6-1 13:00:06 INFO:[guisanboot.datadup.cmd.ListProfile]  list profile recode: 0
2015-6-1 13:00:06 INFO:[guisanboot.datadup.cmd.GetBakObjList]  list bakobj cmd: /usr/odybk/server/bin/dbmgr -bobj -prt all
2015-6-1 13:00:07 INFO:[guisanboot.datadup.cmd.GetBakObjList]  list bakobj cmd retcode: 0
2015-6-1 13:00:07 INFO:[guisanboot.datadup.cmd.GetSchList]  get sch list cmd: /usr/odybk/server/bin/dbmgr -sch -prt all
2015-6-1 13:00:08 INFO:[guisanboot.datadup.cmd.GetSchList]  get sch list cmd retcode: 0
2015-6-1 13:00:08 INFO:[guisanboot.data.GetPoolInfo]  get poolinfo cmd: /usr/odybk/vsnap/poolinfo 1
2015-6-1 13:00:09 DEBUG:[guisanboot.data.GetPoolInfo] ========> /mnt/ResVol0 capacity=105689214976 freecapaciy=100078264320 visual_used=7516651552
2015-6-1 13:00:09 INFO:[guisanboot.data.GetPoolInfo]  get poolinfo cmd retcode: 0
2015-6-1 13:00:09 INFO:[guisanboot.data.GetLicence]  get license cmd: /usr/odybk/server/bin/listlicence
2015-6-1 13:00:10 DEBUG:[guisanboot.data.GetLicence] ========> MTPP:32 250 0
2015-6-1 13:00:10 DEBUG:[guisanboot.data.GetLicence]  product of license: MTPP
2015-6-1 13:00:10 DEBUG:[guisanboot.data.GetLicence]  point of license: 32 for MTPP
2015-6-1 13:00:10 DEBUG:[guisanboot.data.GetLicence]  maxsnap of license: 250 for MTPP
2015-6-1 13:00:10 DEBUG:[guisanboot.data.GetLicence] ========> CMDP:32 250 0
2015-6-1 13:00:10 DEBUG:[guisanboot.data.GetLicence]  product of license: CMDP
2015-6-1 13:00:10 DEBUG:[guisanboot.data.GetLicence]  point of license: 32 for CMDP
2015-6-1 13:00:10 DEBUG:[guisanboot.data.GetLicence]  maxsnap of license: 250 for CMDP
2015-6-1 13:00:10 DEBUG:[guisanboot.data.GetLicence] ========> DEFAULT:2 4 512
2015-6-1 13:00:10 DEBUG:[guisanboot.data.GetLicence]  product of license: DEFAULT
2015-6-1 13:00:10 DEBUG:[guisanboot.data.GetLicence]  point of license: 2 for DEFAULT
2015-6-1 13:00:10 DEBUG:[guisanboot.data.GetLicence]  maxsnap of license: 4 for DEFAULT
2015-6-1 13:00:10 INFO:[guisanboot.data.GetLicence]  get license retcode: 0
2015-6-1 13:00:10 INFO:[guisanboot.ui.InitApp] mtpp point: 32
2015-6-1 13:00:10 INFO:[guisanboot.ui.InitApp] cmdp point: 32
2015-6-1 13:00:10 INFO:[guisanboot.ui.InitApp] mtpp maxsnap num: 250
2015-6-1 13:00:10 INFO:[guisanboot.ui.InitApp] cmdp maxsnap num: 250
2015-6-1 13:00:10 INFO:[guisanboot.data.GetVMHostInfo]  get mirror_disk_info cmd: /usr/odybk/server/bin/getvminfo 
2015-6-1 13:00:11 DEBUG:[guisanboot.data.GetVMHostInfo] #####: /usr/odybk/server/bin/getvminfo: line 11: cd: /usr/odybk/server/conf/vm/: No such file or directory
2015-6-1 13:00:11 INFO:[guisanboot.data.GetVMHostInfo]  get mirror_disk_info retcode: 0
2015-6-1 13:00:11 INFO:[guisanboot.data.ManageDB] getUcsDiskCount cmd :/usr/odybk/server/bin/isucsview.sh 2
2015-6-1 13:00:12 DEBUG:[guisanboot.data.GetUcsDiskCountByView] ========> count=0
2015-6-1 13:00:12 INFO:[guisanboot.data.ManageDB] getUcsDiskCount cmd retCode :0
2015-6-1 13:00:13 DEBUG:[guisanboot.ui.SanBootView]  ##### Selected Object on GUI: [ 0 ] root node on tree
2015-6-1 13:00:13 DEBUG:[guisanboot.MenuAndBtnCenterForMainUi] type ======> : 0
2015-6-1 13:00:13 DEBUG:[guisanboot.MenuAndBtnCenterForMainUi] level ======> : 0
2015-6-1 13:00:13 DEBUG:[guisanboot.MenuAndBtnCenterForMainUi] select level: 0
2015-6-1 13:00:17 DEBUG:[guisanboot.tool.UWSSockConnectManager] begin to check socket connections.............
2015-6-1 13:00:17 INFO:[guisanboot.data.ManageDB]  add audit log cmd: /usr/odybk/server/bin/idbmgr -audit -add  audit_user_id=1 audit_time=20150601130017 audit_clnt_id=0 audit_event_id=2  "audit_event_desc=Logon to system successfully."
2015-6-1 13:00:18 DEBUG:[guisanboot.data.AddCmdNetworkRunning] =====> 22
2015-6-1 13:00:18 INFO:[guisanboot.data.ManageDB]  add audit log retcode: 0
2015-6-1 13:00:18 INFO:[guisanboot.action.LoginAction] ########### End of login action. 
2015-6-1 13:00:19 INFO:[guisanboot.action.DhcpSet] ########### Entering dhcp operation action. 
2015-6-1 13:00:19 INFO:[guisanboot.data.GetDhcpConfig] dhcpstatus: /usr/odybk/server/bin/phydup_fun.sh IsDchpEnable
2015-6-1 13:00:21 INFO:[guisanboot.data.GetDhcpConfig] get dhcp status cmd retcode: 1
2015-6-1 13:00:24 INFO:[guisanboot.action.DhcpSet] ########### End of dhcp operation acion. 
2015-6-1 13:00:25 DEBUG:[guisanboot.ui.SanBootView]  ##### Selected Object on GUI: [ 1 ] local swu manager
2015-6-1 13:00:25 DEBUG:[guisanboot.MenuAndBtnCenterForMainUi] type ======> : 1
2015-6-1 13:00:25 DEBUG:[guisanboot.MenuAndBtnCenterForMainUi] level ======> : 99
2015-6-1 13:00:25 DEBUG:[guisanboot.MenuAndBtnCenterForMainUi] select level: 99
2015-6-1 13:00:27 DEBUG:[guisanboot.ui.SanBootView]  ##### Selected Object on GUI: [ 3 ] chief host
2015-6-1 13:00:28 DEBUG:[guisanboot.ui.SanBootView]  ##### Selected Object on GUI: [ 3 ] chief host
2015-6-1 13:00:28 DEBUG:[guisanboot.ui.SanBootView]  ##### Selected Object on GUI: [ 3 ] chief host
2015-6-1 13:00:29 DEBUG:[guisanboot.ui.SanBootView]  ##### Selected Object on GUI: [ 3 ] chief host
2015-6-1 13:00:29 DEBUG:[guisanboot.MenuAndBtnCenterForMainUi] type ======> : 3
2015-6-1 13:00:29 DEBUG:[guisanboot.MenuAndBtnCenterForMainUi] level ======> : 1
2015-6-1 13:00:29 DEBUG:[guisanboot.MenuAndBtnCenterForMainUi] select level: 1
2015-6-1 13:00:30 DEBUG:[guisanboot.ui.SanBootView]  ##### Selected Object on GUI: [ 4 ] host
2015-6-1 13:00:30 DEBUG:[guisanboot.MenuAndBtnCenterForMainUi] type ======> : 4
2015-6-1 13:00:30 DEBUG:[guisanboot.MenuAndBtnCenterForMainUi] level ======> : 2
2015-6-1 13:00:30 DEBUG:[guisanboot.MenuAndBtnCenterForMainUi] select level: 2
2015-6-1 13:00:30 DEBUG:[guisanboot.ui.SanBootView]  ##### Selected Object on GUI: [ 4 ] host
2015-6-1 13:00:31 INFO:[guisanboot.action.FailoverAction] ########### Entering failover action. 
2015-6-1 13:00:31 INFO:[guisanboot.action.FailoverAction] selected host is boothost. 
2015-6-1 13:01:17 DEBUG:[guisanboot.tool.UWSSockConnectManager] begin to check socket connections.............
2015-6-1 13:02:17 DEBUG:[guisanboot.tool.UWSSockConnectManager] begin to check socket connections.............
2015-6-1 13:03:15 INFO:[guisanboot.action.FailoverAction] ########### End of failover action. 
2015-6-1 13:03:17 DEBUG:[guisanboot.ui.SanBootView]  ##### Selected Object on GUI: [ 4 ] host
2015-6-1 13:03:17 DEBUG:[guisanboot.tool.UWSSockConnectManager] begin to check socket connections.............
2015-6-1 13:03:18 INFO:[guisanboot.action.FailoverAction] ########### Entering failover action. 
2015-6-1 13:03:18 INFO:[guisanboot.action.FailoverAction] selected host is boothost. 
2015-6-1 13:03:22 INFO:[guisanboot.action.FailoverAction] ########### End of failover action. 
2015-6-1 13:04:17 DEBUG:[guisanboot.tool.UWSSockConnectManager] begin to check socket connections.............
2015-6-1 13:05:17 DEBUG:[guisanboot.tool.UWSSockConnectManager] begin to check socket connections.............
2015-6-1 13:06:17 DEBUG:[guisanboot.tool.UWSSockConnectManager] begin to check socket connections.............
2015-6-1 13:07:17 DEBUG:[guisanboot.tool.UWSSockConnectManager] begin to check socket connections.............
2015-6-1 13:08:17 DEBUG:[guisanboot.tool.UWSSockConnectManager] begin to check socket connections.............
2015-6-1 13:09:17 DEBUG:[guisanboot.tool.UWSSockConnectManager] begin to check socket connections.............
2015-6-1 13:10:17 DEBUG:[guisanboot.tool.UWSSockConnectManager] begin to check socket connections.............
2015-6-1 13:11:17 DEBUG:[guisanboot.tool.UWSSockConnectManager] begin to check socket connections.............
2015-6-1 13:12:17 DEBUG:[guisanboot.tool.UWSSockConnectManager] begin to check socket connections.............
2015-6-1 13:13:17 DEBUG:[guisanboot.tool.UWSSockConnectManager] begin to check socket connections.............
2015-6-1 13:14:17 DEBUG:[guisanboot.tool.UWSSockConnectManager] begin to check socket connections.............
2015-6-1 13:15:17 DEBUG:[guisanboot.tool.UWSSockConnectManager] begin to check socket connections.............
2015-6-1 13:16:17 DEBUG:[guisanboot.tool.UWSSockConnectManager] begin to check socket connections.............
2015-6-1 13:17:17 DEBUG:[guisanboot.tool.UWSSockConnectManager] begin to check socket connections.............
2015-6-1 13:18:17 DEBUG:[guisanboot.tool.UWSSockConnectManager] begin to check socket connections.............
2015-6-1 13:19:17 DEBUG:[guisanboot.tool.UWSSockConnectManager] begin to check socket connections.............
2015-6-1 13:20:17 DEBUG:[guisanboot.tool.UWSSockConnectManager] begin to check socket connections.............
2015-6-1 13:21:17 DEBUG:[guisanboot.tool.UWSSockConnectManager] begin to check socket connections.............
2015-6-1 13:22:17 DEBUG:[guisanboot.tool.UWSSockConnectManager] begin to check socket connections.............
2015-6-1 13:23:17 DEBUG:[guisanboot.tool.UWSSockConnectManager] begin to check socket connections.............
2015-6-1 13:24:17 DEBUG:[guisanboot.tool.UWSSockConnectManager] begin to check socket connections.............
2015-6-1 13:25:18 DEBUG:[guisanboot.tool.UWSSockConnectManager] begin to check socket connections.............
2015-6-1 13:26:18 DEBUG:[guisanboot.tool.UWSSockConnectManager] begin to check socket connections.............
2015-6-1 13:27:18 DEBUG:[guisanboot.tool.UWSSockConnectManager] begin to check socket connections.............
2015-6-1 13:28:18 DEBUG:[guisanboot.tool.UWSSockConnectManager] begin to check socket connections.............
2015-6-1 13:29:18 DEBUG:[guisanboot.tool.UWSSockConnectManager] begin to check socket connections.............
2015-6-1 13:30:18 DEBUG:[guisanboot.tool.UWSSockConnectManager] begin to check socket connections.............
2015-6-1 13:31:18 DEBUG:[guisanboot.tool.UWSSockConnectManager] begin to check socket connections.............
2015-6-1 13:32:18 DEBUG:[guisanboot.tool.UWSSockConnectManager] begin to check socket connections.............
2015-6-1 13:33:18 DEBUG:[guisanboot.tool.UWSSockConnectManager] begin to check socket connections.............
2015-6-1 13:34:18 DEBUG:[guisanboot.tool.UWSSockConnectManager] begin to check socket connections.............
2015-6-1 13:35:18 DEBUG:[guisanboot.tool.UWSSockConnectManager] begin to check socket connections.............
2015-6-1 13:36:18 DEBUG:[guisanboot.tool.UWSSockConnectManager] begin to check socket connections.............
2015-6-1 13:37:18 DEBUG:[guisanboot.tool.UWSSockConnectManager] begin to check socket connections.............
2015-6-1 13:38:18 DEBUG:[guisanboot.tool.UWSSockConnectManager] begin to check socket connections.............
2015-6-1 13:39:18 DEBUG:[guisanboot.tool.UWSSockConnectManager] begin to check socket connections.............
2015-6-1 13:40:18 DEBUG:[guisanboot.tool.UWSSockConnectManager] begin to check socket connections.............
2015-6-1 13:41:18 DEBUG:[guisanboot.tool.UWSSockConnectManager] begin to check socket connections.............
2015-6-1 13:42:18 DEBUG:[guisanboot.tool.UWSSockConnectManager] begin to check socket connections.............
2015-6-1 13:43:18 DEBUG:[guisanboot.tool.UWSSockConnectManager] begin to check socket connections.............
2015-6-1 13:44:18 DEBUG:[guisanboot.tool.UWSSockConnectManager] begin to check socket connections.............
2015-6-1 13:45:18 DEBUG:[guisanboot.tool.UWSSockConnectManager] begin to check socket connections.............
2015-6-1 14:19:49 DEBUG:[guisanboot.tool.UWSSockConnectManager] begin to check socket connections.............
2015-6-1 14:20:49 DEBUG:[guisanboot.tool.UWSSockConnectManager] begin to check socket connections.............
2015-6-1 14:21:49 DEBUG:[guisanboot.tool.UWSSockConnectManager] begin to check socket connections.............
2015-6-1 14:22:49 DEBUG:[guisanboot.tool.UWSSockConnectManager] begin to check socket connections.............
2015-6-1 14:23:49 DEBUG:[guisanboot.tool.UWSSockConnectManager] begin to check socket connections.............
2015-6-1 14:24:49 DEBUG:[guisanboot.tool.UWSSockConnectManager] begin to check socket connections.............
2015-6-1 14:25:49 DEBUG:[guisanboot.tool.UWSSockConnectManager] begin to check socket connections.............
2015-6-1 14:26:49 DEBUG:[guisanboot.tool.UWSSockConnectManager] begin to check socket connections.............
2015-6-1 14:27:49 DEBUG:[guisanboot.tool.UWSSockConnectManager] begin to check socket connections.............
2015-6-1 14:28:49 DEBUG:[guisanboot.tool.UWSSockConnectManager] begin to check socket connections.............
2015-6-1 14:29:49 DEBUG:[guisanboot.tool.UWSSockConnectManager] begin to check socket connections.............
2015-6-1 14:30:49 DEBUG:[guisanboot.tool.UWSSockConnectManager] begin to check socket connections.............
2015-6-1 14:31:49 DEBUG:[guisanboot.tool.UWSSockConnectManager] begin to check socket connections.............
2015-6-1 14:32:49 DEBUG:[guisanboot.tool.UWSSockConnectManager] begin to check socket connections.............
2015-6-1 14:33:49 DEBUG:[guisanboot.tool.UWSSockConnectManager] begin to check socket connections.............
2015-6-1 14:34:49 DEBUG:[guisanboot.tool.UWSSockConnectManager] begin to check socket connections.............
2015-6-1 14:35:49 DEBUG:[guisanboot.tool.UWSSockConnectManager] begin to check socket connections.............
2015-6-1 14:36:49 DEBUG:[guisanboot.tool.UWSSockConnectManager] begin to check socket connections.............
2015-6-1 14:37:49 DEBUG:[guisanboot.tool.UWSSockConnectManager] begin to check socket connections.............
2015-6-1 14:38:49 DEBUG:[guisanboot.tool.UWSSockConnectManager] begin to check socket connections.............
2015-6-1 14:39:49 DEBUG:[guisanboot.tool.UWSSockConnectManager] begin to check socket connections.............
2015-6-1 14:40:49 DEBUG:[guisanboot.tool.UWSSockConnectManager] begin to check socket connections.............
2015-6-1 14:41:49 DEBUG:[guisanboot.tool.UWSSockConnectManager] begin to check socket connections.............
2015-6-1 14:42:49 DEBUG:[guisanboot.tool.UWSSockConnectManager] begin to check socket connections.............
2015-6-1 14:43:49 DEBUG:[guisanboot.tool.UWSSockConnectManager] begin to check socket connections.............
2015-6-1 14:44:50 DEBUG:[guisanboot.tool.UWSSockConnectManager] begin to check socket connections.............
2015-6-1 14:45:50 DEBUG:[guisanboot.tool.UWSSockConnectManager] begin to check socket connections.............
2015-6-1 14:46:50 DEBUG:[guisanboot.tool.UWSSockConnectManager] begin to check socket connections.............
2015-6-1 14:47:50 DEBUG:[guisanboot.tool.UWSSockConnectManager] begin to check socket connections.............
2015-6-1 14:48:50 DEBUG:[guisanboot.tool.UWSSockConnectManager] begin to check socket connections.............
2015-6-1 14:49:50 DEBUG:[guisanboot.tool.UWSSockConnectManager] begin to check socket connections.............
2015-6-1 14:50:50 DEBUG:[guisanboot.tool.UWSSockConnectManager] begin to check socket connections.............
2015-6-1 14:51:50 DEBUG:[guisanboot.tool.UWSSockConnectManager] begin to check socket connections.............
2015-6-1 14:52:50 DEBUG:[guisanboot.tool.UWSSockConnectManager] begin to check socket connections.............
2015-6-1 14:53:50 DEBUG:[guisanboot.tool.UWSSockConnectManager] begin to check socket connections.............
2015-6-1 14:54:50 DEBUG:[guisanboot.tool.UWSSockConnectManager] begin to check socket connections.............
2015-6-1 14:55:50 DEBUG:[guisanboot.tool.UWSSockConnectManager] begin to check socket connections.............
2015-6-1 14:56:50 DEBUG:[guisanboot.tool.UWSSockConnectManager] begin to check socket connections.............
2015-6-1 14:57:50 DEBUG:[guisanboot.tool.UWSSockConnectManager] begin to check socket connections.............
2015-6-1 14:58:50 DEBUG:[guisanboot.tool.UWSSockConnectManager] begin to check socket connections.............
2015-6-1 14:59:50 DEBUG:[guisanboot.tool.UWSSockConnectManager] begin to check socket connections.............
2015-6-1 15:00:50 DEBUG:[guisanboot.tool.UWSSockConnectManager] begin to check socket connections.............
2015-6-1 15:01:50 DEBUG:[guisanboot.tool.UWSSockConnectManager] begin to check socket connections.............
2015-6-1 15:02:50 DEBUG:[guisanboot.tool.UWSSockConnectManager] begin to check socket connections.............
2015-6-1 15:03:50 DEBUG:[guisanboot.tool.UWSSockConnectManager] begin to check socket connections.............
2015-6-1 15:04:50 DEBUG:[guisanboot.tool.UWSSockConnectManager] begin to check socket connections.............
2015-6-1 15:05:50 DEBUG:[guisanboot.tool.UWSSockConnectManager] begin to check socket connections.............
2015-6-1 15:06:50 DEBUG:[guisanboot.tool.UWSSockConnectManager] begin to check socket connections.............
2015-6-1 15:07:50 DEBUG:[guisanboot.tool.UWSSockConnectManager] begin to check socket connections.............
2015-6-1 15:08:50 DEBUG:[guisanboot.tool.UWSSockConnectManager] begin to check socket connections.............
2015-6-1 15:09:50 DEBUG:[guisanboot.tool.UWSSockConnectManager] begin to check socket connections.............
2015-6-1 15:10:50 DEBUG:[guisanboot.tool.UWSSockConnectManager] begin to check socket connections.............
2015-6-1 15:11:50 DEBUG:[guisanboot.tool.UWSSockConnectManager] begin to check socket connections.............
2015-6-1 15:12:50 DEBUG:[guisanboot.tool.UWSSockConnectManager] begin to check socket connections.............
2015-6-1 15:13:50 DEBUG:[guisanboot.tool.UWSSockConnectManager] begin to check socket connections.............
2015-6-1 15:14:50 DEBUG:[guisanboot.tool.UWSSockConnectManager] begin to check socket connections.............
2015-6-1 15:15:50 DEBUG:[guisanboot.tool.UWSSockConnectManager] begin to check socket connections.............
2015-6-1 15:16:50 DEBUG:[guisanboot.tool.UWSSockConnectManager] begin to check socket connections.............
2015-6-1 15:17:50 DEBUG:[guisanboot.tool.UWSSockConnectManager] begin to check socket connections.............
2015-6-1 15:18:50 DEBUG:[guisanboot.tool.UWSSockConnectManager] begin to check socket connections.............
2015-6-1 15:19:50 DEBUG:[guisanboot.tool.UWSSockConnectManager] begin to check socket connections.............
2015-6-1 15:20:50 DEBUG:[guisanboot.tool.UWSSockConnectManager] begin to check socket connections.............
2015-6-1 15:21:50 DEBUG:[guisanboot.tool.UWSSockConnectManager] begin to check socket connections.............
2015-6-1 15:22:50 DEBUG:[guisanboot.tool.UWSSockConnectManager] begin to check socket connections.............
2015-6-1 15:23:50 DEBUG:[guisanboot.tool.UWSSockConnectManager] begin to check socket connections.............
2015-6-1 15:24:50 DEBUG:[guisanboot.tool.UWSSockConnectManager] begin to check socket connections.............
2015-6-1 15:25:50 DEBUG:[guisanboot.tool.UWSSockConnectManager] begin to check socket connections.............
2015-6-1 15:26:50 DEBUG:[guisanboot.tool.UWSSockConnectManager] begin to check socket connections.............
2015-6-1 15:27:50 DEBUG:[guisanboot.tool.UWSSockConnectManager] begin to check socket connections.............
2015-6-1 15:28:50 DEBUG:[guisanboot.tool.UWSSockConnectManager] begin to check socket connections.............
2015-6-1 15:29:50 DEBUG:[guisanboot.tool.UWSSockConnectManager] begin to check socket connections.............
2015-6-1 15:30:50 DEBUG:[guisanboot.tool.UWSSockConnectManager] begin to check socket connections.............
2015-6-1 15:31:50 DEBUG:[guisanboot.tool.UWSSockConnectManager] begin to check socket connections.............
2015-6-1 15:32:50 DEBUG:[guisanboot.tool.UWSSockConnectManager] begin to check socket connections.............
2015-6-1 15:33:50 DEBUG:[guisanboot.tool.UWSSockConnectManager] begin to check socket connections.............
2015-6-1 15:34:50 DEBUG:[guisanboot.tool.UWSSockConnectManager] begin to check socket connections.............
2015-6-1 15:35:50 DEBUG:[guisanboot.tool.UWSSockConnectManager] begin to check socket connections.............
2015-6-1 15:36:50 DEBUG:[guisanboot.tool.UWSSockConnectManager] begin to check socket connections.............
2015-6-1 15:37:50 DEBUG:[guisanboot.tool.UWSSockConnectManager] begin to check socket connections.............
2015-6-1 15:38:50 DEBUG:[guisanboot.tool.UWSSockConnectManager] begin to check socket connections.............
2015-6-1 15:39:50 DEBUG:[guisanboot.tool.UWSSockConnectManager] begin to check socket connections.............
